#
# A fatal error has been detected by the Java Runtime Environment:
#
#  EXCEPTION_ACCESS_VIOLATION (0xc0000005) at pc=0x00007ff83df479d1, pid=3416, tid=7980
#
# JRE version: Java(TM) SE Runtime Environment (9.0+11) (build 9.0.4+11)
# Java VM: Java HotSpot(TM) 64-Bit Server VM (9.0.4+11, mixed mode, tiered, compressed oops, g1 gc, windows-amd64)
# Problematic frame:
# C  [ig9icd64.dll+0x179d1]
#
# No core dump will be written. Minidumps are not enabled by default on client versions of Windows
#
# If you would like to submit a bug report, please visit:
#   http://bugreport.java.com/bugreport/crash.jsp
# The crash happened outside the Java Virtual Machine in native code.
# See problematic frame for where to report the bug.
#

---------------  S U M M A R Y ------------

Command Line: -Dfile.encoding=GBK MainWindow

Host: Intel(R) Core(TM) i7-7500U CPU @ 2.70GHz, 4 cores, 7G,  Windows 10 , 64 bit Build 18362 (10.0.18362.329)
Time: Thu Oct 17 19:12:26 2019 ?D1╗╡║ю╗╨║а?╗╨║ю?? elapsed time: 327 seconds (0d 0h 5m 27s)

---------------  T H R E A D  ---------------

Current thread (0x0000015be2496000):  JavaThread "main" [_thread_in_native, id=7980, stack(0x00000053daf00000,0x00000053db000000)]

Stack: [0x00000053daf00000,0x00000053db000000],  sp=0x00000053daffcfc0,  free space=1011k
Native frames: (J=compiled Java code, j=interpreted, Vv=VM code, C=native code)
C  [ig9icd64.dll+0x179d1]
C  [ig9icd64.dll+0x89c7b]
C  [ig9icd64.dll+0x8a542]
C  [ig9icd64.dll+0x3ff5d6]
C  [ig9icd64.dll+0x9cd68]
C  [ig9icd64.dll+0x8aba9]
C  [ig9icd64.dll+0x54873e]
C  [ig9icd64.dll+0x548df2]
C  [ig9icd64.dll+0xafa58]
C  [ig9icd64.dll+0x68227]
C  0x0000015bf283653a

Java frames: (J=compiled Java code, j=interpreted, Vv=VM code)
J 560  org.lwjgl.opengl.GL11.nglGetError(J)I (0 bytes) @ 0x0000015bf28364a1 [0x0000015bf2836460+0x0000000000000041]
J 585 c2 objects3D.Cylinder.drawTriangle([LGraphicsObjects/Point4f;)V (205 bytes) @ 0x0000015bf28399e8 [0x0000015bf28394a0+0x0000000000000548]
J 691 c2 objects3D.Cylinder.DrawCylinder(FFI)V (325 bytes) @ 0x0000015bf284a340 [0x0000015bf2849680+0x0000000000000cc0]
J 841 c2 objects3D.Human.DrawHuman(FZ)V (871 bytes) @ 0x0000015bf28703b0 [0x0000015bf286f5a0+0x0000000000000e10]
J 840 c2 MainWindow.renderGL()V (321 bytes) @ 0x0000015bf286b1cc [0x0000015bf286a460+0x0000000000000d6c]
j  MainWindow.start()V+70
j  MainWindow.main([Ljava/lang/String;)V+9
v  ~StubRoutines::call_stub

siginfo: EXCEPTION_ACCESS_VIOLATION (0xc0000005), writing address 0x0000015c33230000


Register to memory mapping:

RIP=0x00007ff83df479d1 ig9icd64.dll
RAX=0x0000000011000001 is an unknown value
RBX=0x0000015b8252d7a8 is an unknown value
RCX=0x0000015c3323000c is an unknown value
RDX=0x00007ff83df30000 ig9icd64.dll
RSP=0x00000053daffcfc0 is pointing into the stack for thread: 0x0000015be2496000
RBP=0x00000053daffd0f0 is pointing into the stack for thread: 0x0000015be2496000
RSI=0x0000015b824f93c0 is an unknown value
RDI=0x0000000000000000 is an unknown value
R8 =0x000000000000000c is an unknown value
R9 =0x00000053daffd05c is pointing into the stack for thread: 0x0000015be2496000
R10=0x0000000000000000 is an unknown value
R11=0x00000053daffcfd0 is pointing into the stack for thread: 0x0000015be2496000
R12=0x000000000000000e is an unknown value
R13=0x0000015b8252da70 is an unknown value
R14=0x0000015b8252d640 is an unknown value
R15=0x0000015b8252ec40 is an unknown value


Registers:
RAX=0x0000000011000001, RBX=0x0000015b8252d7a8, RCX=0x0000015c3323000c, RDX=0x00007ff83df30000
RSP=0x00000053daffcfc0, RBP=0x00000053daffd0f0, RSI=0x0000015b824f93c0, RDI=0x0000000000000000
R8 =0x000000000000000c, R9 =0x00000053daffd05c, R10=0x0000000000000000, R11=0x00000053daffcfd0
R12=0x000000000000000e, R13=0x0000015b8252da70, R14=0x0000015b8252d640, R15=0x0000015b8252ec40
RIP=0x00007ff83df479d1, EFLAGS=0x0000000000010202

Top of Stack: (sp=0x00000053daffcfc0)
0x00000053daffcfc0:   0000000000000000 0000000000000000
0x00000053daffcfd0:   00002c9996a8e61f 0000015b8252d640
0x00000053daffcfe0:   0000015b8252d7a8 00007ff83dfb9c7b
0x00000053daffcff0:   0000015b8252d7a8 0000015b8252d7a8
0x00000053daffd000:   00000053daffd0f0 0000015b824f93c0
0x00000053daffd010:   0000015c8be960b0 00007ff87c3fa1c2
0x00000053daffd020:   00007ff87c3f9d00 00000053daffd2d0
0x00000053daffd030:   00007ff87c3fa470 0000015bead50d10
0x00000053daffd040:   0000015b8257ea90 0000015b8252da70
0x00000053daffd050:   0000209011000001 0000000010001000
0x00000053daffd060:   00007ff800000003 0000015b82586e08
0x00000053daffd070:   0000015be2391ad0 00007ff89c7fc4bf
0x00000053daffd080:   0000000000140027 00000000000000c0
0x00000053daffd090:   0000015b8be194c0 0000015b82586e00
0x00000053daffd0a0:   0000015c8be960a0 00007ff87c3f9969
0x00000053daffd0b0:   0000015b00000000 0000015be2391a40 

Instructions: (pc=0x00007ff83df479d1)
0x00007ff83df479b1:   4c 03 c8 49 8b c0 48 c1 e8 02 48 83 e8 01 74 1a
0x00007ff83df479c1:   48 83 e8 01 74 0d 48 83 f8 01 75 15 41 8b 41 f4
0x00007ff83df479d1:   89 41 f4 41 8b 41 f8 89 41 f8 41 8b 41 fc 89 41
0x00007ff83df479e1:   fc 41 f6 c0 01 74 0f 41 0f b6 01 49 ff c8 88 01 



---------------  P R O C E S S  ---------------

Java Threads: ( => current thread )
  0x0000015b8be60800 JavaThread "LWJGL Timer" daemon [_thread_blocked, id=20512, stack(0x00000053dca00000,0x00000053dcb00000)]
  0x0000015b82334000 JavaThread "Service Thread" daemon [_thread_blocked, id=16400, stack(0x00000053dc500000,0x00000053dc600000)]
  0x0000015b8221a800 JavaThread "Common-Cleaner" daemon [_thread_blocked, id=18008, stack(0x00000053dc400000,0x00000053dc500000)]
  0x0000015b8215f000 JavaThread "Sweeper thread" daemon [_thread_blocked, id=1212, stack(0x00000053dc300000,0x00000053dc400000)]
  0x0000015b8215c800 JavaThread "C1 CompilerThread2" daemon [_thread_blocked, id=17688, stack(0x00000053dc200000,0x00000053dc300000)]
  0x0000015b82158800 JavaThread "C2 CompilerThread1" daemon [_thread_blocked, id=19996, stack(0x00000053dc100000,0x00000053dc200000)]
  0x0000015b82153000 JavaThread "C2 CompilerThread0" daemon [_thread_blocked, id=4632, stack(0x00000053dc000000,0x00000053dc100000)]
  0x0000015b82151000 JavaThread "Attach Listener" daemon [_thread_blocked, id=8260, stack(0x00000053dbf00000,0x00000053dc000000)]
  0x0000015b82150000 JavaThread "Signal Dispatcher" daemon [_thread_blocked, id=1644, stack(0x00000053dbe00000,0x00000053dbf00000)]
  0x0000015b820f1000 JavaThread "Finalizer" daemon [_thread_blocked, id=18976, stack(0x00000053dbd00000,0x00000053dbe00000)]
  0x0000015b820b5000 JavaThread "Reference Handler" daemon [_thread_blocked, id=5884, stack(0x00000053dbc00000,0x00000053dbd00000)]
=>0x0000015be2496000 JavaThread "main" [_thread_in_native, id=7980, stack(0x00000053daf00000,0x00000053db000000)]

Other Threads:
  0x0000015b820dd800 VMThread "VM Thread" [stack: 0x00000053dbb00000,0x00000053dbc00000] [id=14724]
  0x0000015b82336000 WatcherThread [stack: 0x00000053dc600000,0x00000053dc700000] [id=5708]
  0x0000015be24af000 GCTaskThread "GC Thread#0" [stack: 0x00000053db000000,0x00000053db100000] [id=11932]
  0x0000015be24b0800 GCTaskThread "GC Thread#1" [stack: 0x00000053db100000,0x00000053db200000] [id=11948]
  0x0000015be24b4000 GCTaskThread "GC Thread#2" [stack: 0x00000053db200000,0x00000053db300000] [id=12332]
  0x0000015be24b7800 GCTaskThread "GC Thread#3" [stack: 0x00000053db300000,0x00000053db400000] [id=19912]
  0x0000015be2533800 ConcurrentGCThread "G1 Main Marker" [stack: 0x00000053db900000,0x00000053dba00000] [id=11676]
  0x0000015be2535000 ConcurrentGCThread "G1 Marker#0" [stack: 0x00000053dba00000,0x00000053dbb00000] [id=17416]
  0x0000015be24c5000 ConcurrentGCThread "G1 Refine#0" [stack: 0x00000053db700000,0x00000053db800000] [id=456]
  0x0000015be24c3000 ConcurrentGCThread "G1 Refine#1" [stack: 0x00000053db600000,0x00000053db700000] [id=11600]
  0x0000015be24bd800 ConcurrentGCThread "G1 Refine#2" [stack: 0x00000053db500000,0x00000053db600000] [id=20676]
  0x0000015be24ba000 ConcurrentGCThread "G1 Refine#3" [stack: 0x00000053db400000,0x00000053db500000] [id=15204]
  0x0000015be24c6800 ConcurrentGCThread "G1 Young RemSet Sampling" [stack: 0x00000053db800000,0x00000053db900000] [id=15664]

Threads with active compile tasks:

VM state:not at safepoint (normal execution)

VM Mutex/Monitor currently owned by a thread: None

Heap address: 0x0000000082400000, size: 2012 MB, Compressed Oops mode: 32-bit
Narrow klass base: 0x0000000000000000, Narrow klass shift: 3
Compressed class space size: 1073741824 Address: 0x0000000100000000

Heap:
 garbage-first heap   total 129024K, used 47943K [0x0000000082400000, 0x00000000825003f0, 0x0000000100000000)
  region size 1024K, 45 young (46080K), 1 survivors (1024K)
 Metaspace       used 7769K, capacity 7857K, committed 7936K, reserved 1056768K
  class space    used 679K, capacity 704K, committed 768K, reserved 1048576K
Heap Regions: E=young(eden), S=young(survivor), O=old, HS=humongous(starts), HC=humongous(continues), CS=collection set, F=free, A=archive, TS=gc time stamp, AC=allocation context, TAMS=top-at-mark-start (previous, next)
|   0|0x0000000082400000, 0x0000000082500000, 0x0000000082500000|100%| O|  |TS 31|AC  0|TAMS 0x0000000082400000, 0x0000000082400000|
|   1|0x0000000082500000, 0x0000000082600000, 0x0000000082600000|100%| O|  |TS 31|AC  0|TAMS 0x0000000082500000, 0x0000000082500000|
|   2|0x0000000082600000, 0x00000000826d9e00, 0x0000000082700000| 85%| O|  |TS 67|AC  0|TAMS 0x0000000082600000, 0x0000000082600000|
|   3|0x0000000082700000, 0x0000000082700000, 0x0000000082800000|  0%| F|  |TS  0|AC  0|TAMS 0x0000000082700000, 0x0000000082700000|
|   4|0x0000000082800000, 0x0000000082800000, 0x0000000082900000|  0%| F|  |TS  0|AC  0|TAMS 0x0000000082800000, 0x0000000082800000|
|   5|0x0000000082900000, 0x0000000082900000, 0x0000000082a00000|  0%| F|  |TS  0|AC  0|TAMS 0x0000000082900000, 0x0000000082900000|
|   6|0x0000000082a00000, 0x0000000082a00000, 0x0000000082b00000|  0%| F|  |TS  0|AC  0|TAMS 0x0000000082a00000, 0x0000000082a00000|
|   7|0x0000000082b00000, 0x0000000082b00000, 0x0000000082c00000|  0%| F|  |TS  0|AC  0|TAMS 0x0000000082b00000, 0x0000000082b00000|
|   8|0x0000000082c00000, 0x0000000082c00000, 0x0000000082d00000|  0%| F|  |TS  0|AC  0|TAMS 0x0000000082c00000, 0x0000000082c00000|
|   9|0x0000000082d00000, 0x0000000082d00000, 0x0000000082e00000|  0%| F|  |TS  0|AC  0|TAMS 0x0000000082d00000, 0x0000000082d00000|
|  10|0x0000000082e00000, 0x0000000082e00000, 0x0000000082f00000|  0%| F|  |TS  0|AC  0|TAMS 0x0000000082e00000, 0x0000000082e00000|
|  11|0x0000000082f00000, 0x0000000082f00000, 0x0000000083000000|  0%| F|  |TS  0|AC  0|TAMS 0x0000000082f00000, 0x0000000082f00000|
|  12|0x0000000083000000, 0x0000000083000000, 0x0000000083100000|  0%| F|  |TS  0|AC  0|TAMS 0x0000000083000000, 0x0000000083000000|
|  13|0x0000000083100000, 0x0000000083100000, 0x0000000083200000|  0%| F|  |TS  0|AC  0|TAMS 0x0000000083100000, 0x0000000083100000|
|  14|0x0000000083200000, 0x0000000083200000, 0x0000000083300000|  0%| F|  |TS  0|AC  0|TAMS 0x0000000083200000, 0x0000000083200000|
|  15|0x0000000083300000, 0x0000000083300000, 0x0000000083400000|  0%| F|  |TS  0|AC  0|TAMS 0x0000000083300000, 0x0000000083300000|
|  16|0x0000000083400000, 0x0000000083400000, 0x0000000083500000|  0%| F|  |TS  0|AC  0|TAMS 0x0000000083400000, 0x0000000083400000|
|  17|0x0000000083500000, 0x0000000083500000, 0x0000000083600000|  0%| F|  |TS  0|AC  0|TAMS 0x0000000083500000, 0x0000000083500000|
|  18|0x0000000083600000, 0x0000000083600000, 0x0000000083700000|  0%| F|  |TS  0|AC  0|TAMS 0x0000000083600000, 0x0000000083600000|
|  19|0x0000000083700000, 0x0000000083700000, 0x0000000083800000|  0%| F|  |TS  0|AC  0|TAMS 0x0000000083700000, 0x0000000083700000|
|  20|0x0000000083800000, 0x0000000083800000, 0x0000000083900000|  0%| F|  |TS  0|AC  0|TAMS 0x0000000083800000, 0x0000000083800000|
|  21|0x0000000083900000, 0x0000000083900000, 0x0000000083a00000|  0%| F|  |TS  0|AC  0|TAMS 0x0000000083900000, 0x0000000083900000|
|  22|0x0000000083a00000, 0x0000000083a00000, 0x0000000083b00000|  0%| F|  |TS  0|AC  0|TAMS 0x0000000083a00000, 0x0000000083a00000|
|  23|0x0000000083b00000, 0x0000000083b00000, 0x0000000083c00000|  0%| F|  |TS  0|AC  0|TAMS 0x0000000083b00000, 0x0000000083b00000|
|  24|0x0000000083c00000, 0x0000000083c00000, 0x0000000083d00000|  0%| F|  |TS  0|AC  0|TAMS 0x0000000083c00000, 0x0000000083c00000|
|  25|0x0000000083d00000, 0x0000000083d00000, 0x0000000083e00000|  0%| F|  |TS  0|AC  0|TAMS 0x0000000083d00000, 0x0000000083d00000|
|  26|0x0000000083e00000, 0x0000000083e00000, 0x0000000083f00000|  0%| F|  |TS  0|AC  0|TAMS 0x0000000083e00000, 0x0000000083e00000|
|  27|0x0000000083f00000, 0x0000000083f00000, 0x0000000084000000|  0%| F|  |TS  0|AC  0|TAMS 0x0000000083f00000, 0x0000000083f00000|
|  28|0x0000000084000000, 0x0000000084000000, 0x0000000084100000|  0%| F|  |TS  0|AC  0|TAMS 0x0000000084000000, 0x0000000084000000|
|  29|0x0000000084100000, 0x0000000084100000, 0x0000000084200000|  0%| F|  |TS  0|AC  0|TAMS 0x0000000084100000, 0x0000000084100000|
|  30|0x0000000084200000, 0x0000000084200000, 0x0000000084300000|  0%| F|  |TS  0|AC  0|TAMS 0x0000000084200000, 0x0000000084200000|
|  31|0x0000000084300000, 0x0000000084300000, 0x0000000084400000|  0%| F|  |TS  0|AC  0|TAMS 0x0000000084300000, 0x0000000084300000|
|  32|0x0000000084400000, 0x0000000084400000, 0x0000000084500000|  0%| F|  |TS  0|AC  0|TAMS 0x0000000084400000, 0x0000000084400000|
|  33|0x0000000084500000, 0x0000000084500000, 0x0000000084600000|  0%| F|  |TS  0|AC  0|TAMS 0x0000000084500000, 0x0000000084500000|
|  34|0x0000000084600000, 0x0000000084600000, 0x0000000084700000|  0%| F|  |TS  0|AC  0|TAMS 0x0000000084600000, 0x0000000084600000|
|  35|0x0000000084700000, 0x0000000084700000, 0x0000000084800000|  0%| F|  |TS  0|AC  0|TAMS 0x0000000084700000, 0x0000000084700000|
|  36|0x0000000084800000, 0x0000000084800000, 0x0000000084900000|  0%| F|  |TS  0|AC  0|TAMS 0x0000000084800000, 0x0000000084800000|
|  37|0x0000000084900000, 0x0000000084900000, 0x0000000084a00000|  0%| F|  |TS  0|AC  0|TAMS 0x0000000084900000, 0x0000000084900000|
|  38|0x0000000084a00000, 0x0000000084a00000, 0x0000000084b00000|  0%| F|  |TS  0|AC  0|TAMS 0x0000000084a00000, 0x0000000084a00000|
|  39|0x0000000084b00000, 0x0000000084b00000, 0x0000000084c00000|  0%| F|  |TS  0|AC  0|TAMS 0x0000000084b00000, 0x0000000084b00000|
|  40|0x0000000084c00000, 0x0000000084c00000, 0x0000000084d00000|  0%| F|  |TS  0|AC  0|TAMS 0x0000000084c00000, 0x0000000084c00000|
|  41|0x0000000084d00000, 0x0000000084d00000, 0x0000000084e00000|  0%| F|  |TS  0|AC  0|TAMS 0x0000000084d00000, 0x0000000084d00000|
|  42|0x0000000084e00000, 0x0000000084e00000, 0x0000000084f00000|  0%| F|  |TS  0|AC  0|TAMS 0x0000000084e00000, 0x0000000084e00000|
|  43|0x0000000084f00000, 0x0000000084f00000, 0x0000000085000000|  0%| F|  |TS  0|AC  0|TAMS 0x0000000084f00000, 0x0000000084f00000|
|  44|0x0000000085000000, 0x0000000085000000, 0x0000000085100000|  0%| F|  |TS  0|AC  0|TAMS 0x0000000085000000, 0x0000000085000000|
|  45|0x0000000085100000, 0x0000000085100000, 0x0000000085200000|  0%| F|  |TS  0|AC  0|TAMS 0x0000000085100000, 0x0000000085100000|
|  46|0x0000000085200000, 0x0000000085200000, 0x0000000085300000|  0%| F|  |TS  0|AC  0|TAMS 0x0000000085200000, 0x0000000085200000|
|  47|0x0000000085300000, 0x0000000085300000, 0x0000000085400000|  0%| F|  |TS  0|AC  0|TAMS 0x0000000085300000, 0x0000000085300000|
|  48|0x0000000085400000, 0x0000000085400000, 0x0000000085500000|  0%| F|  |TS 29|AC  0|TAMS 0x0000000085400000, 0x0000000085400000|
|  49|0x0000000085500000, 0x0000000085500000, 0x0000000085600000|  0%| F|  |TS 33|AC  0|TAMS 0x0000000085500000, 0x0000000085500000|
|  50|0x0000000085600000, 0x00000000856f7ee0, 0x0000000085700000| 96%| S|CS|TS 67|AC  0|TAMS 0x0000000085600000, 0x0000000085600000|
|  51|0x0000000085700000, 0x0000000085700000, 0x0000000085800000|  0%| F|  |TS 67|AC  0|TAMS 0x0000000085700000, 0x0000000085700000|
|  52|0x0000000085800000, 0x0000000085800000, 0x0000000085900000|  0%| F|  |TS 67|AC  0|TAMS 0x0000000085800000, 0x0000000085800000|
|  53|0x0000000085900000, 0x0000000085900000, 0x0000000085a00000|  0%| F|  |TS 67|AC  0|TAMS 0x0000000085900000, 0x0000000085900000|
|  54|0x0000000085a00000, 0x0000000085a00000, 0x0000000085b00000|  0%| F|  |TS 67|AC  0|TAMS 0x0000000085a00000, 0x0000000085a00000|
|  55|0x0000000085b00000, 0x0000000085b00000, 0x0000000085c00000|  0%| F|  |TS 67|AC  0|TAMS 0x0000000085b00000, 0x0000000085b00000|
|  56|0x0000000085c00000, 0x0000000085c00000, 0x0000000085d00000|  0%| F|  |TS 67|AC  0|TAMS 0x0000000085c00000, 0x0000000085c00000|
|  57|0x0000000085d00000, 0x0000000085d00000, 0x0000000085e00000|  0%| F|  |TS 67|AC  0|TAMS 0x0000000085d00000, 0x0000000085d00000|
|  58|0x0000000085e00000, 0x0000000085e00000, 0x0000000085f00000|  0%| F|  |TS 67|AC  0|TAMS 0x0000000085e00000, 0x0000000085e00000|
|  59|0x0000000085f00000, 0x0000000085f00000, 0x0000000086000000|  0%| F|  |TS 67|AC  0|TAMS 0x0000000085f00000, 0x0000000085f00000|
|  60|0x0000000086000000, 0x0000000086000000, 0x0000000086100000|  0%| F|  |TS 67|AC  0|TAMS 0x0000000086000000, 0x0000000086000000|
|  61|0x0000000086100000, 0x0000000086100000, 0x0000000086200000|  0%| F|  |TS 67|AC  0|TAMS 0x0000000086100000, 0x0000000086100000|
|  62|0x0000000086200000, 0x0000000086200000, 0x0000000086300000|  0%| F|  |TS 67|AC  0|TAMS 0x0000000086200000, 0x0000000086200000|
|  63|0x0000000086300000, 0x0000000086300000, 0x0000000086400000|  0%| F|  |TS 67|AC  0|TAMS 0x0000000086300000, 0x0000000086300000|
|  64|0x0000000086400000, 0x0000000086400000, 0x0000000086500000|  0%| F|  |TS 67|AC  0|TAMS 0x0000000086400000, 0x0000000086400000|
|  65|0x0000000086500000, 0x0000000086500000, 0x0000000086600000|  0%| F|  |TS 67|AC  0|TAMS 0x0000000086500000, 0x0000000086500000|
|  66|0x0000000086600000, 0x0000000086600000, 0x0000000086700000|  0%| F|  |TS 67|AC  0|TAMS 0x0000000086600000, 0x0000000086600000|
|  67|0x0000000086700000, 0x0000000086700000, 0x0000000086800000|  0%| F|  |TS 67|AC  0|TAMS 0x0000000086700000, 0x0000000086700000|
|  68|0x0000000086800000, 0x0000000086800000, 0x0000000086900000|  0%| F|  |TS 67|AC  0|TAMS 0x0000000086800000, 0x0000000086800000|
|  69|0x0000000086900000, 0x0000000086900000, 0x0000000086a00000|  0%| F|  |TS 67|AC  0|TAMS 0x0000000086900000, 0x0000000086900000|
|  70|0x0000000086a00000, 0x0000000086a00000, 0x0000000086b00000|  0%| F|  |TS 67|AC  0|TAMS 0x0000000086a00000, 0x0000000086a00000|
|  71|0x0000000086b00000, 0x0000000086b00000, 0x0000000086c00000|  0%| F|  |TS 67|AC  0|TAMS 0x0000000086b00000, 0x0000000086b00000|
|  72|0x0000000086c00000, 0x0000000086c00000, 0x0000000086d00000|  0%| F|  |TS 67|AC  0|TAMS 0x0000000086c00000, 0x0000000086c00000|
|  73|0x0000000086d00000, 0x0000000086d00000, 0x0000000086e00000|  0%| F|  |TS 67|AC  0|TAMS 0x0000000086d00000, 0x0000000086d00000|
|  74|0x0000000086e00000, 0x0000000086e00000, 0x0000000086f00000|  0%| F|  |TS 67|AC  0|TAMS 0x0000000086e00000, 0x0000000086e00000|
|  75|0x0000000086f00000, 0x0000000086f00000, 0x0000000087000000|  0%| F|  |TS 67|AC  0|TAMS 0x0000000086f00000, 0x0000000086f00000|
|  76|0x0000000087000000, 0x0000000087000000, 0x0000000087100000|  0%| F|  |TS 67|AC  0|TAMS 0x0000000087000000, 0x0000000087000000|
|  77|0x0000000087100000, 0x0000000087100000, 0x0000000087200000|  0%| F|  |TS 67|AC  0|TAMS 0x0000000087100000, 0x0000000087100000|
|  78|0x0000000087200000, 0x0000000087200000, 0x0000000087300000|  0%| F|  |TS 67|AC  0|TAMS 0x0000000087200000, 0x0000000087200000|
|  79|0x0000000087300000, 0x0000000087300000, 0x0000000087400000|  0%| F|  |TS 67|AC  0|TAMS 0x0000000087300000, 0x0000000087300000|
|  80|0x0000000087400000, 0x0000000087400000, 0x0000000087500000|  0%| F|  |TS 67|AC  0|TAMS 0x0000000087400000, 0x0000000087400000|
|  81|0x0000000087500000, 0x0000000087500000, 0x0000000087600000|  0%| F|  |TS 67|AC  0|TAMS 0x0000000087500000, 0x0000000087500000|
|  82|0x0000000087600000, 0x0000000087680800, 0x0000000087700000| 50%| E|  |TS 67|AC  0|TAMS 0x0000000087600000, 0x0000000087600000|
|  83|0x0000000087700000, 0x0000000087800000, 0x0000000087800000|100%| E|CS|TS 67|AC  0|TAMS 0x0000000087700000, 0x0000000087700000|
|  84|0x0000000087800000, 0x0000000087900000, 0x0000000087900000|100%| E|CS|TS 67|AC  0|TAMS 0x0000000087800000, 0x0000000087800000|
|  85|0x0000000087900000, 0x0000000087a00000, 0x0000000087a00000|100%| E|CS|TS 67|AC  0|TAMS 0x0000000087900000, 0x0000000087900000|
|  86|0x0000000087a00000, 0x0000000087b00000, 0x0000000087b00000|100%| E|CS|TS 67|AC  0|TAMS 0x0000000087a00000, 0x0000000087a00000|
|  87|0x0000000087b00000, 0x0000000087c00000, 0x0000000087c00000|100%| E|CS|TS 67|AC  0|TAMS 0x0000000087b00000, 0x0000000087b00000|
|  88|0x0000000087c00000, 0x0000000087d00000, 0x0000000087d00000|100%| E|CS|TS 67|AC  0|TAMS 0x0000000087c00000, 0x0000000087c00000|
|  89|0x0000000087d00000, 0x0000000087e00000, 0x0000000087e00000|100%| E|CS|TS 67|AC  0|TAMS 0x0000000087d00000, 0x0000000087d00000|
|  90|0x0000000087e00000, 0x0000000087f00000, 0x0000000087f00000|100%| E|CS|TS 67|AC  0|TAMS 0x0000000087e00000, 0x0000000087e00000|
|  91|0x0000000087f00000, 0x0000000088000000, 0x0000000088000000|100%| E|CS|TS 67|AC  0|TAMS 0x0000000087f00000, 0x0000000087f00000|
|  92|0x0000000088000000, 0x0000000088100000, 0x0000000088100000|100%| E|CS|TS 67|AC  0|TAMS 0x0000000088000000, 0x0000000088000000|
|  93|0x0000000088100000, 0x0000000088200000, 0x0000000088200000|100%| E|CS|TS 67|AC  0|TAMS 0x0000000088100000, 0x0000000088100000|
|  94|0x0000000088200000, 0x0000000088300000, 0x0000000088300000|100%| E|CS|TS 67|AC  0|TAMS 0x0000000088200000, 0x0000000088200000|
|  95|0x0000000088300000, 0x0000000088400000, 0x0000000088400000|100%| E|CS|TS 67|AC  0|TAMS 0x0000000088300000, 0x0000000088300000|
|  96|0x0000000088400000, 0x0000000088500000, 0x0000000088500000|100%| E|CS|TS 67|AC  0|TAMS 0x0000000088400000, 0x0000000088400000|
|  97|0x0000000088500000, 0x0000000088600000, 0x0000000088600000|100%| E|CS|TS 67|AC  0|TAMS 0x0000000088500000, 0x0000000088500000|
|  98|0x0000000088600000, 0x0000000088700000, 0x0000000088700000|100%| E|CS|TS 67|AC  0|TAMS 0x0000000088600000, 0x0000000088600000|
|  99|0x0000000088700000, 0x0000000088800000, 0x0000000088800000|100%| E|CS|TS 67|AC  0|TAMS 0x0000000088700000, 0x0000000088700000|
| 100|0x0000000088800000, 0x0000000088900000, 0x0000000088900000|100%| E|CS|TS 67|AC  0|TAMS 0x0000000088800000, 0x0000000088800000|
| 101|0x0000000088900000, 0x0000000088a00000, 0x0000000088a00000|100%| E|CS|TS 67|AC  0|TAMS 0x0000000088900000, 0x0000000088900000|
| 102|0x0000000088a00000, 0x0000000088b00000, 0x0000000088b00000|100%| E|CS|TS 67|AC  0|TAMS 0x0000000088a00000, 0x0000000088a00000|
| 103|0x0000000088b00000, 0x0000000088c00000, 0x0000000088c00000|100%| E|CS|TS 67|AC  0|TAMS 0x0000000088b00000, 0x0000000088b00000|
| 104|0x0000000088c00000, 0x0000000088d00000, 0x0000000088d00000|100%| E|CS|TS 67|AC  0|TAMS 0x0000000088c00000, 0x0000000088c00000|
| 105|0x0000000088d00000, 0x0000000088e00000, 0x0000000088e00000|100%| E|CS|TS 67|AC  0|TAMS 0x0000000088d00000, 0x0000000088d00000|
| 106|0x0000000088e00000, 0x0000000088f00000, 0x0000000088f00000|100%| E|CS|TS 67|AC  0|TAMS 0x0000000088e00000, 0x0000000088e00000|
| 107|0x0000000088f00000, 0x0000000089000000, 0x0000000089000000|100%| E|CS|TS 67|AC  0|TAMS 0x0000000088f00000, 0x0000000088f00000|
| 108|0x0000000089000000, 0x0000000089100000, 0x0000000089100000|100%| E|CS|TS 67|AC  0|TAMS 0x0000000089000000, 0x0000000089000000|
| 109|0x0000000089100000, 0x0000000089200000, 0x0000000089200000|100%| E|CS|TS 67|AC  0|TAMS 0x0000000089100000, 0x0000000089100000|
| 110|0x0000000089200000, 0x0000000089300000, 0x0000000089300000|100%| E|CS|TS 67|AC  0|TAMS 0x0000000089200000, 0x0000000089200000|
| 111|0x0000000089300000, 0x0000000089400000, 0x0000000089400000|100%| E|CS|TS 67|AC  0|TAMS 0x0000000089300000, 0x0000000089300000|
| 112|0x0000000089400000, 0x0000000089500000, 0x0000000089500000|100%| E|CS|TS 67|AC  0|TAMS 0x0000000089400000, 0x0000000089400000|
| 113|0x0000000089500000, 0x0000000089600000, 0x0000000089600000|100%| E|CS|TS 67|AC  0|TAMS 0x0000000089500000, 0x0000000089500000|
| 114|0x0000000089600000, 0x0000000089700000, 0x0000000089700000|100%| E|CS|TS 67|AC  0|TAMS 0x0000000089600000, 0x0000000089600000|
| 115|0x0000000089700000, 0x0000000089800000, 0x0000000089800000|100%| E|CS|TS 67|AC  0|TAMS 0x0000000089700000, 0x0000000089700000|
| 116|0x0000000089800000, 0x0000000089900000, 0x0000000089900000|100%| E|CS|TS 67|AC  0|TAMS 0x0000000089800000, 0x0000000089800000|
| 117|0x0000000089900000, 0x0000000089a00000, 0x0000000089a00000|100%| E|CS|TS 67|AC  0|TAMS 0x0000000089900000, 0x0000000089900000|
| 118|0x0000000089a00000, 0x0000000089b00000, 0x0000000089b00000|100%| E|CS|TS 67|AC  0|TAMS 0x0000000089a00000, 0x0000000089a00000|
| 119|0x0000000089b00000, 0x0000000089c00000, 0x0000000089c00000|100%| E|CS|TS 67|AC  0|TAMS 0x0000000089b00000, 0x0000000089b00000|
| 120|0x0000000089c00000, 0x0000000089d00000, 0x0000000089d00000|100%| E|CS|TS 67|AC  0|TAMS 0x0000000089c00000, 0x0000000089c00000|
| 121|0x0000000089d00000, 0x0000000089e00000, 0x0000000089e00000|100%| E|CS|TS 67|AC  0|TAMS 0x0000000089d00000, 0x0000000089d00000|
| 122|0x0000000089e00000, 0x0000000089f00000, 0x0000000089f00000|100%| E|CS|TS 67|AC  0|TAMS 0x0000000089e00000, 0x0000000089e00000|
| 123|0x0000000089f00000, 0x000000008a000000, 0x000000008a000000|100%| E|CS|TS 67|AC  0|TAMS 0x0000000089f00000, 0x0000000089f00000|
| 124|0x000000008a000000, 0x000000008a100000, 0x000000008a100000|100%| E|CS|TS 67|AC  0|TAMS 0x000000008a000000, 0x000000008a000000|
| 125|0x000000008a100000, 0x000000008a200000, 0x000000008a200000|100%| E|CS|TS 67|AC  0|TAMS 0x000000008a100000, 0x000000008a100000|

Card table byte_map: [0x0000015bfaa60000,0x0000015bfae50000] byte_map_base: 0x0000015bfa64e000

Marking Bits (Prev, Next): (CMBitMap*) 0x0000015be2532dc0, (CMBitMap*) 0x0000015be2532df8
 Prev Bits: [0x0000015bfb240000, 0x0000015bfd1b0000)
 Next Bits: [0x0000015bfd1b0000, 0x0000015bff120000)

Polling page: 0x0000015be23d0000

CodeHeap 'non-profiled nmethods': size=120064Kb used=469Kb max_used=469Kb free=119594Kb
 bounds [0x0000015bf2810000, 0x0000015bf2a80000, 0x0000015bf9d50000]
CodeHeap 'profiled nmethods': size=120000Kb used=1835Kb max_used=1835Kb free=118164Kb
 bounds [0x0000015beb2e0000, 0x0000015beb550000, 0x0000015bf2810000]
CodeHeap 'non-nmethods': size=5696Kb used=1264Kb max_used=1295Kb free=4431Kb
 bounds [0x0000015bead50000, 0x0000015beafc0000, 0x0000015beb2e0000]
 total_blobs=1642 nmethods=870 adapters=359
 compilation: enabled

Compilation events (10 events):
Event: 255.827 Thread 0x0000015b8215c800  867       3       org.lwjgl.opengl.WindowsDisplay::setTitle (17 bytes)
Event: 255.854 Thread 0x0000015b8215c800 nmethod 867 0x0000015beb4a3790 code [0x0000015beb4a3a00, 0x0000015beb4a43e0]
Event: 255.854 Thread 0x0000015b8215c800  869   !   3       sun.nio.cs.UnicodeDecoder::decodeLoop (326 bytes)
Event: 255.856 Thread 0x0000015b8215c800 nmethod 869 0x0000015beb4a4810 code [0x0000015beb4a4bc0, 0x0000015beb4a6b00]
Event: 255.857 Thread 0x0000015b8215c800  868       3       org.lwjgl.MemoryUtil::encodeUTF16 (8 bytes)
Event: 255.857 Thread 0x0000015b8215c800 nmethod 868 0x0000015beb4a7490 code [0x0000015beb4a76c0, 0x0000015beb4a7d80]
Event: 260.818 Thread 0x0000015b8215c800  870   !   3       org.lwjgl.opengl.Display::setTitle (45 bytes)
Event: 260.819 Thread 0x0000015b8215c800 nmethod 870 0x0000015beb4a8090 code [0x0000015beb4a8340, 0x0000015beb4a91e0]
Event: 280.063 Thread 0x0000015b8215c800  871   !   3       java.lang.ref.Reference::processPendingReferences (132 bytes)
Event: 280.063 Thread 0x0000015b8215c800 nmethod 871 0x0000015beb4a9890 code [0x0000015beb4a9b20, 0x0000015beb4aa9d0]

GC Heap History (10 events):
Event: 280.032 GC heap before
{Heap before GC invocations=29 (full 0):
 garbage-first heap   total 129024K, used 79719K [0x0000000082400000, 0x00000000825003f0, 0x0000000100000000)
  region size 1024K, 75 young (76800K), 1 survivors (1024K)
 Metaspace       used 7769K, capacity 7857K, committed 7936K, reserved 1056768K
  class space    used 679K, capacity 704K, committed 768K, reserved 1048576K
}
Event: 280.060 GC heap after
{Heap after GC invocations=30 (full 0):
 garbage-first heap   total 129024K, used 3943K [0x0000000082400000, 0x00000000825003f0, 0x0000000100000000)
  region size 1024K, 1 young (1024K), 1 survivors (1024K)
 Metaspace       used 7769K, capacity 7857K, committed 7936K, reserved 1056768K
  class space    used 679K, capacity 704K, committed 768K, reserved 1048576K
}
Event: 293.349 GC heap before
{Heap before GC invocations=30 (full 0):
 garbage-first heap   total 129024K, used 79719K [0x0000000082400000, 0x00000000825003f0, 0x0000000100000000)
  region size 1024K, 75 young (76800K), 1 survivors (1024K)
 Metaspace       used 7769K, capacity 7857K, committed 7936K, reserved 1056768K
  class space    used 679K, capacity 704K, committed 768K, reserved 1048576K
}
Event: 293.377 GC heap after
{Heap after GC invocations=31 (full 0):
 garbage-first heap   total 129024K, used 3911K [0x0000000082400000, 0x00000000825003f0, 0x0000000100000000)
  region size 1024K, 1 young (1024K), 1 survivors (1024K)
 Metaspace       used 7769K, capacity 7857K, committed 7936K, reserved 1056768K
  class space    used 679K, capacity 704K, committed 768K, reserved 1048576K
}
Event: 301.025 GC heap before
{Heap before GC invocations=31 (full 0):
 garbage-first heap   total 129024K, used 79687K [0x0000000082400000, 0x00000000825003f0, 0x0000000100000000)
  region size 1024K, 75 young (76800K), 1 survivors (1024K)
 Metaspace       used 7769K, capacity 7857K, committed 7936K, reserved 1056768K
  class space    used 679K, capacity 704K, committed 768K, reserved 1048576K
}
Event: 301.051 GC heap after
{Heap after GC invocations=32 (full 0):
 garbage-first heap   total 129024K, used 3866K [0x0000000082400000, 0x00000000825003f0, 0x0000000100000000)
  region size 1024K, 1 young (1024K), 1 survivors (1024K)
 Metaspace       used 7769K, capacity 7857K, committed 7936K, reserved 1056768K
  class space    used 679K, capacity 704K, committed 768K, reserved 1048576K
}
Event: 308.667 GC heap before
{Heap before GC invocations=32 (full 0):
 garbage-first heap   total 129024K, used 79642K [0x0000000082400000, 0x00000000825003f0, 0x0000000100000000)
  region size 1024K, 75 young (76800K), 1 survivors (1024K)
 Metaspace       used 7769K, capacity 7857K, committed 7936K, reserved 1056768K
  class space    used 679K, capacity 704K, committed 768K, reserved 1048576K
}
Event: 308.695 GC heap after
{Heap after GC invocations=33 (full 0):
 garbage-first heap   total 129024K, used 3911K [0x0000000082400000, 0x00000000825003f0, 0x0000000100000000)
  region size 1024K, 1 young (1024K), 1 survivors (1024K)
 Metaspace       used 7769K, capacity 7857K, committed 7936K, reserved 1056768K
  class space    used 679K, capacity 704K, committed 768K, reserved 1048576K
}
Event: 317.199 GC heap before
{Heap before GC invocations=33 (full 0):
 garbage-first heap   total 129024K, used 79687K [0x0000000082400000, 0x00000000825003f0, 0x0000000100000000)
  region size 1024K, 75 young (76800K), 1 survivors (1024K)
 Metaspace       used 7769K, capacity 7857K, committed 7936K, reserved 1056768K
  class space    used 679K, capacity 704K, committed 768K, reserved 1048576K
}
Event: 317.203 GC heap after
{Heap after GC invocations=34 (full 0):
 garbage-first heap   total 129024K, used 3911K [0x0000000082400000, 0x00000000825003f0, 0x0000000100000000)
  region size 1024K, 1 young (1024K), 1 survivors (1024K)
 Metaspace       used 7769K, capacity 7857K, committed 7936K, reserved 1056768K
  class space    used 679K, capacity 704K, committed 768K, reserved 1048576K
}

Deoptimization events (4 events):
Event: 0.112 Thread 0x0000015be2496000 Uncommon trap: reason=unstable_if action=reinterpret pc=0x0000015bf2816060 method=java.lang.String.hashCode()I @ 22 c2
Event: 9.023 Thread 0x0000015be2496000 Uncommon trap: reason=unstable_if action=reinterpret pc=0x0000015bf284e0f4 method=java.nio.Bits.tryReserveMemory(JI)Z @ 29 c2
Event: 60.805 Thread 0x0000015be2496000 Uncommon trap: reason=unstable_if action=reinterpret pc=0x0000015bf28655ec method=org.lwjgl.opengl.WindowsDisplay.update()V @ 40 c2
Event: 280.062 Thread 0x0000015b820b5000 Uncommon trap: reason=unstable_if action=reinterpret pc=0x0000015bf287fff0 method=jdk.internal.ref.Cleaner.remove(Ljdk/internal/ref/Cleaner;)Z @ 14 c2

Classes redefined (0 events):
No events

Internal exceptions (0 events):
No events

Events (10 events):
Event: 301.052 Thread 0x0000015b820b5000 DEOPT PACKING pc=0x0000015beb4aa7f9 sp=0x00000053dbcff260
Event: 301.052 Thread 0x0000015b820b5000 DEOPT UNPACKING pc=0x0000015bead9dd3f sp=0x00000053dbcfe720 mode 0
Event: 308.667 Executing VM operation: G1IncCollectionPause
Event: 308.695 Executing VM operation: G1IncCollectionPause done
Event: 308.696 Thread 0x0000015b820b5000 DEOPT PACKING pc=0x0000015beb4aa7f9 sp=0x00000053dbcff260
Event: 308.696 Thread 0x0000015b820b5000 DEOPT UNPACKING pc=0x0000015bead9dd3f sp=0x00000053dbcfe720 mode 0
Event: 317.199 Executing VM operation: G1IncCollectionPause
Event: 317.203 Executing VM operation: G1IncCollectionPause done
Event: 317.204 Thread 0x0000015b820b5000 DEOPT PACKING pc=0x0000015beb4aa7f9 sp=0x00000053dbcff260
Event: 317.204 Thread 0x0000015b820b5000 DEOPT UNPACKING pc=0x0000015bead9dd3f sp=0x00000053dbcfe720 mode 0


Dynamic libraries:
0x00007ff7181c0000 - 0x00007ff7181fe000 	C:\Program Files\Java\jre-9.0.4\bin\javaw.exe
0x00007ff89c7c0000 - 0x00007ff89c9b0000 	C:\WINDOWS\SYSTEM32\ntdll.dll
0x00007ff89a920000 - 0x00007ff89a9d2000 	C:\WINDOWS\System32\KERNEL32.DLL
0x00007ff89a360000 - 0x00007ff89a603000 	C:\WINDOWS\System32\KERNELBASE.dll
0x00007ff89ab80000 - 0x00007ff89ac23000 	C:\WINDOWS\System32\ADVAPI32.dll
0x00007ff89ae70000 - 0x00007ff89af0e000 	C:\WINDOWS\System32\msvcrt.dll
0x00007ff89add0000 - 0x00007ff89ae67000 	C:\WINDOWS\System32\sechost.dll
0x00007ff89bee0000 - 0x00007ff89c000000 	C:\WINDOWS\System32\RPCRT4.dll
0x00007ff89a9e0000 - 0x00007ff89ab74000 	C:\WINDOWS\System32\USER32.dll
0x00007ff89a740000 - 0x00007ff89a761000 	C:\WINDOWS\System32\win32u.dll
0x00007ff89ac30000 - 0x00007ff89ac56000 	C:\WINDOWS\System32\GDI32.dll
0x00007ff899ff0000 - 0x00007ff89a184000 	C:\WINDOWS\System32\gdi32full.dll
0x00007ff899750000 - 0x00007ff8997ee000 	C:\WINDOWS\System32\msvcp_win.dll
0x00007ff89a770000 - 0x00007ff89a86a000 	C:\WINDOWS\System32\ucrtbase.dll
0x00007ff891170000 - 0x00007ff89117a000 	C:\WINDOWS\SYSTEM32\VERSION.dll
0x00007ff88edb0000 - 0x00007ff88f035000 	C:\WINDOWS\WinSxS\amd64_microsoft.windows.common-controls_6595b64144ccf1df_6.0.18362.418_none_e6c6b287130d565d\COMCTL32.dll
0x00007ff89b670000 - 0x00007ff89b9a6000 	C:\WINDOWS\System32\combase.dll
0x00007ff8997f0000 - 0x00007ff899870000 	C:\WINDOWS\System32\bcryptPrimitives.dll
0x00007ff89c3e0000 - 0x00007ff89c40e000 	C:\WINDOWS\System32\IMM32.DLL
0x00007ff8454b0000 - 0x00007ff84559f000 	C:\Program Files\Java\jre-9.0.4\bin\msvcr120.dll
0x00007ff85c9a0000 - 0x00007ff85ca46000 	C:\Program Files\Java\jre-9.0.4\bin\msvcp120.dll
0x0000000065340000 - 0x0000000065d65000 	C:\Program Files\Java\jre-9.0.4\bin\server\jvm.dll
0x00007ff89c6f0000 - 0x00007ff89c6f8000 	C:\WINDOWS\System32\PSAPI.DLL
0x00007ff875aa0000 - 0x00007ff875aa9000 	C:\WINDOWS\SYSTEM32\WSOCK32.dll
0x00007ff88a260000 - 0x00007ff88a284000 	C:\WINDOWS\SYSTEM32\WINMM.dll
0x00007ff89af10000 - 0x00007ff89af7f000 	C:\WINDOWS\System32\WS2_32.dll
0x00007ff88a230000 - 0x00007ff88a25d000 	C:\WINDOWS\SYSTEM32\winmmbase.dll
0x00007ff89a1c0000 - 0x00007ff89a20a000 	C:\WINDOWS\System32\cfgmgr32.dll
0x00007ff893600000 - 0x00007ff89360f000 	C:\Program Files\Java\jre-9.0.4\bin\verify.dll
0x00007ff889730000 - 0x00007ff889757000 	C:\Program Files\Java\jre-9.0.4\bin\java.dll
0x00007ff88acb0000 - 0x00007ff88acc6000 	C:\Program Files\Java\jre-9.0.4\bin\zip.dll
0x00007ff88a880000 - 0x00007ff88a88a000 	C:\Program Files\Java\jre-9.0.4\bin\jimage.dll
0x00007ff89af80000 - 0x00007ff89b665000 	C:\WINDOWS\System32\SHELL32.dll
0x00007ff89c480000 - 0x00007ff89c529000 	C:\WINDOWS\System32\shcore.dll
0x00007ff899870000 - 0x00007ff899fef000 	C:\WINDOWS\System32\windows.storage.dll
0x00007ff899710000 - 0x00007ff89972f000 	C:\WINDOWS\System32\profapi.dll
0x00007ff8996a0000 - 0x00007ff8996ea000 	C:\WINDOWS\System32\powrprof.dll
0x00007ff899690000 - 0x00007ff8996a0000 	C:\WINDOWS\System32\UMPDC.dll
0x00007ff89b9b0000 - 0x00007ff89ba02000 	C:\WINDOWS\System32\shlwapi.dll
0x00007ff8996f0000 - 0x00007ff899701000 	C:\WINDOWS\System32\kernel.appcore.dll
0x00007ff89a6c0000 - 0x00007ff89a6d7000 	C:\WINDOWS\System32\cryptsp.dll
0x00007ff888d30000 - 0x00007ff888d4a000 	C:\Program Files\Java\jre-9.0.4\bin\net.dll
0x00007ff897ae0000 - 0x00007ff897bd0000 	C:\WINDOWS\SYSTEM32\WINHTTP.dll
0x00007ff898f00000 - 0x00007ff898f67000 	C:\WINDOWS\system32\mswsock.dll
0x00007ff888cd0000 - 0x00007ff888ce1000 	C:\Program Files\Java\jre-9.0.4\bin\nio.dll
0x0000000180000000 - 0x0000000180053000 	C:\Users\ек\eclipse-workspace\Assignment3\lwjgl64.dll
0x00007ff88a2f0000 - 0x00007ff88a446000 	C:\WINDOWS\SYSTEM32\OPENGL32.dll
0x00007ff893640000 - 0x00007ff89366c000 	C:\WINDOWS\SYSTEM32\GLU32.dll
0x00007ff8982e0000 - 0x00007ff898300000 	C:\WINDOWS\SYSTEM32\dxcore.dll
0x00007ff8946a0000 - 0x00007ff89474e000 	C:\WINDOWS\SYSTEM32\mscms.dll
0x00007ff899580000 - 0x00007ff8995a5000 	C:\WINDOWS\SYSTEM32\USERENV.dll
0x00007ff894680000 - 0x00007ff894697000 	C:\WINDOWS\SYSTEM32\ColorAdapterClient.dll
0x00007ff89ace0000 - 0x00007ff89ada4000 	C:\WINDOWS\System32\OLEAUT32.dll
0x00007ff89a870000 - 0x00007ff89a912000 	C:\WINDOWS\System32\clbcatq.dll
0x00007ff8790a0000 - 0x00007ff8790ba000 	C:\Windows\System32\Windows.Internal.Graphics.Display.DisplayColorManagement.dll
0x00007ff897040000 - 0x00007ff8970d9000 	C:\WINDOWS\system32\uxtheme.dll
0x00007ff89c290000 - 0x00007ff89c3c6000 	C:\WINDOWS\System32\MSCTF.dll
0x00007ff83df30000 - 0x00007ff83ef34000 	C:\WINDOWS\System32\DriverStore\FileRepository\ki132701.inf_amd64_f25b376c781866ed\ig9icd64.dll
0x00007ff8977f0000 - 0x00007ff89781d000 	C:\WINDOWS\SYSTEM32\dwmapi.dll
0x00007ff898370000 - 0x00007ff89845b000 	C:\WINDOWS\system32\dxgi.dll
0x00007ff893e40000 - 0x00007ff893ede000 	C:\WINDOWS\System32\TextInputFramework.dll
0x00007ff87fcb0000 - 0x00007ff87ffda000 	C:\WINDOWS\System32\CoreUIComponents.dll
0x00007ff896ca0000 - 0x00007ff896d74000 	C:\WINDOWS\System32\CoreMessaging.dll
0x00007ff8986d0000 - 0x00007ff898701000 	C:\WINDOWS\SYSTEM32\ntmarta.dll
0x00007ff894cb0000 - 0x00007ff894e03000 	C:\WINDOWS\SYSTEM32\wintypes.dll
0x00007ff88f820000 - 0x00007ff88fac6000 	C:\WINDOWS\System32\iertutil.dll
0x00007ff8671e0000 - 0x00007ff867223000 	C:\WINDOWS\SYSTEM32\icm32.dll
0x00007ff87c330000 - 0x00007ff87c450000 	C:\WINDOWS\System32\DriverStore\FileRepository\ki132701.inf_amd64_f25b376c781866ed\igdgmm64.dll
0x00007ff879c00000 - 0x00007ff87bf60000 	C:\WINDOWS\System32\DriverStore\FileRepository\ki132701.inf_amd64_f25b376c781866ed\igc64.dll
0x00007ff89c530000 - 0x00007ff89c686000 	C:\WINDOWS\System32\ole32.dll
0x00007ff843530000 - 0x00007ff8436c9000 	C:\Program Files\Java\jre-9.0.4\bin\awt.dll
0x00007ff895ad0000 - 0x00007ff896090000 	C:\WINDOWS\SYSTEM32\d2d1.dll
0x00007ff896eb0000 - 0x00007ff896f3f000 	C:\WINDOWS\SYSTEM32\apphelp.dll
0x00007ff897230000 - 0x00007ff897424000 	C:\WINDOWS\SYSTEM32\dbghelp.dll

VM Arguments:
jvm_args: -Dfile.encoding=GBK 
java_command: MainWindow
java_class_path (initial): C:\Users\ек\eclipse-workspace\Assignment3\bin;C:\Users\ек\eclipse-workspace\Assignment3\LWJGL\AppleJavaExtensions.jar;C:\Users\ек\eclipse-workspace\Assignment3\LWJGL\asm-debug-all.jar;C:\Users\ек\eclipse-workspace\Assignment3\LWJGL\jinput.jar;C:\Users\ек\eclipse-workspace\Assignment3\LWJGL\laf-plugin-7.2.1.jar;C:\Users\ек\eclipse-workspace\Assignment3\LWJGL\laf-widget-7.2.1.jar;C:\Users\ек\eclipse-workspace\Assignment3\LWJGL\log4j-api-2.0-beta9.jar;C:\Users\ек\eclipse-workspace\Assignment3\LWJGL\lwjgl_test.jar;C:\Users\ек\eclipse-workspace\Assignment3\LWJGL\lwjgl_util_applet.jar;C:\Users\ек\eclipse-workspace\Assignment3\LWJGL\lwjgl_util.jar;C:\Users\ек\eclipse-workspace\Assignment3\LWJGL\lwjgl-debug.jar;C:\Users\ек\eclipse-workspace\Assignment3\LWJGL\lwjgl.jar;C:\Users\ек\eclipse-workspace\Assignment3\LWJGL\lzma.jar;C:\Users\ек\eclipse-workspace\Assignment3\LWJGL\substance-7.2.1.jar;C:\Users\ек\eclipse-workspace\Assignment3\LWJGL\trident-7.2.1.jar;C:\Users\ек\eclipse-workspace\Assignment3\LWJGL\slick-util.jar
Launcher Type: SUN_STANDARD

Logging:
Log output configuration:
#0: stdout all=warning uptime,level,tags
#1: stderr all=off uptime,level,tags

Environment Variables:
JAVA_HOME=C:\Program Files\Java\jdk1.8.0_211\
PATH=C:/Program Files/Java/jre1.8.0_211/bin/server;C:/Program Files/Java/jre1.8.0_211/bin;C:/Program Files/Java/jre1.8.0_211/lib/amd64;C:\ProgramData\Oracle\Java\javapath;C:\Program Files (x86)\Intel\iCLS Client\;C:\Program Files\Intel\iCLS Client\;C:\WINDOWS\system32;C:\WINDOWS;C:\WINDOWS\System32\Wbem;C:\WINDOWS\System32\WindowsPowerShell\v1.0\;C:\Program Files (x86)\Intel\Intel(R) Management Engine Components\DAL;C:\Program Files\Intel\Intel(R) Management Engine Components\DAL;C:\Program Files (x86)\Intel\Intel(R) Management Engine Components\IPT;C:\Program Files\Intel\Intel(R) Management Engine Components\IPT;C:\Program Files\MATLAB\R2014a\runtime\win64;C:\Program Files\MATLAB\R2014a\bin;C:\Program Files\MATLAB\R2014a\polyspace\bin;C:\WINDOWS\System32\OpenSSH\;C:\Program Files\Java\jdk-9.0.4\bin;C:\Program Files\Microsoft\Web Platform Installer\;C:\Program Files\Microsoft Service Fabric\bin\Fabric\Fabric.Code;C:\Program Files\Microsoft SDKs\Service Fabric\Tools\ServiceFabricLocalClusterManager;C:\Program Files\Git\cmd;C:\Program Files\MySQL\MySQL Server 8.0\bin;C:\Users\ек\mysql-8.0.15-winx64\bin;C:\Users\ек\apache-tomcat-7.0.94;C:\Program Files (x86)\Apache Software Foundation\PHP5;C:\Program Files (x86)\Apache Software Foundation\PHP5\ext;% ANDROID_SDK_HOME%\platform-tools;% ANDROID_SDK_HOME%\tools;C:\Program Files\nodejs\;C:\Users\ек\AppData\Roaming\npm;C:\Android\AS-SDK\platforms;C:\Android\AS-SDK\tools;C:\Users\ек\flutter\flutter\bin;C:\Program Files\Java\jdk1.8.0_211\\bin;C:\Program Files\Java\jdk1.8.0_211\\jre\bin;C:\Users\ек\AppData\Local\Programs\Python\Python36;C:\Program Files\Intel\WiFi\bin\;C:\Program Files\Common Files\Intel\WirelessCommon\;C:\Go\bin;C:\Users\Public\Anacoda;C:\Users\Public\Anacoda\Library\mingw-w64\bin;C:\Users\Public\Anacoda\Library\usr\bin;C:\Users\Public\Anacoda\Library\bin;C:\Users\Public\Anacoda\Scripts;C:\Users\??\AppData\Local\Programs\Python\Python37\Scripts\;C:\Users\??\AppData\Local\Programs\Python\Python37\;C:\Users\??\AppD
USERNAME=ек
OS=Windows_NT
PROCESSOR_IDENTIFIER=Intel64 Family 6 Model 142 Stepping 9, GenuineIntel



---------------  S Y S T E M  ---------------

OS: Windows 10 , 64 bit Build 18362 (10.0.18362.329)

CPU:total 4 (initial active 4) (2 cores per cpu, 2 threads per core) family 6 model 142 stepping 9, cmov, cx8, fxsr, mmx, sse, sse2, sse3, ssse3, sse4.1, sse4.2, popcnt, avx, avx2, aes, clmul, erms, 3dnowpref, lzcnt, ht, tsc, tscinvbit, bmi1, bmi2, adx, fma

Memory: 4k page, physical 8239740k(4263576k free), swap 14170548k(5067648k free)

vm_info: Java HotSpot(TM) 64-Bit Server VM (9.0.4+11) for windows-amd64 JRE (9.0.4+11), built on Dec 20 2017 02:18:54 by "mach5one" with MS VC++ 12.0 (VS2013)

END.
