#
# A fatal error has been detected by the Java Runtime Environment:
#
#  EXCEPTION_ACCESS_VIOLATION (0xc0000005) at pc=0x00007ff821c0f6a7, pid=7880, tid=18728
#
# JRE version: Java(TM) SE Runtime Environment (9.0+11) (build 9.0.4+11)
# Java VM: Java HotSpot(TM) 64-Bit Server VM (9.0.4+11, mixed mode, tiered, compressed oops, g1 gc, windows-amd64)
# Problematic frame:
# C  [ig9icd64.dll+0x3f6a7]
#
# No core dump will be written. Minidumps are not enabled by default on client versions of Windows
#
# If you would like to submit a bug report, please visit:
#   http://bugreport.java.com/bugreport/crash.jsp
# The crash happened outside the Java Virtual Machine in native code.
# See problematic frame for where to report the bug.
#

---------------  S U M M A R Y ------------

Command Line: -Dfile.encoding=GBK MainWindow

Host: Intel(R) Core(TM) i7-7500U CPU @ 2.70GHz, 4 cores, 7G,  Windows 10 , 64 bit Build 18362 (10.0.18362.329)
Time: Fri Oct 18 10:16:06 2019 ?D1╗╡║ю╗╨║а?╗╨║ю?? elapsed time: 221 seconds (0d 0h 3m 41s)

---------------  T H R E A D  ---------------

Current thread (0x000001ab4e998000):  JavaThread "main" [_thread_in_native, id=18728, stack(0x0000002ee8500000,0x0000002ee8600000)]

Stack: [0x0000002ee8500000,0x0000002ee8600000],  sp=0x0000002ee85fd190,  free space=1012k
Native frames: (J=compiled Java code, j=interpreted, Vv=VM code, C=native code)
C  [ig9icd64.dll+0x3f6a7]
C  [ig9icd64.dll+0x24258]
C  [ig9icd64.dll+0x21093f]
C  [ig9icd64.dll+0x2142c9]
C  [ig9icd64.dll+0x89b41]
C  [ig9icd64.dll+0x8a542]
C  [ig9icd64.dll+0x3ff5d6]
C  [ig9icd64.dll+0x9cd68]
C  [ig9icd64.dll+0x8aba9]
C  [ig9icd64.dll+0x54873e]
C  [ig9icd64.dll+0x548df2]
C  [ig9icd64.dll+0xafa58]
C  [ig9icd64.dll+0x594ad]
C  [ig9icd64.dll+0x57a49]
C  0x000001ab5eba506a

Java frames: (J=compiled Java code, j=interpreted, Vv=VM code)
J 559  org.lwjgl.opengl.GL11.nglVertex3f(FFFJ)V (0 bytes) @ 0x000001ab5eba4fb1 [0x000001ab5eba4f60+0x0000000000000051]
J 597 c2 objects3D.Sphere.DrawSphere(FFF)V (371 bytes) @ 0x000001ab5ebafeec [0x000001ab5ebafc80+0x000000000000026c]
J 840 c2 objects3D.Human.DrawHuman(FZ)V (1491 bytes) @ 0x000001ab5ebe4cac [0x000001ab5ebe30a0+0x0000000000001c0c]
J 851 c2 MainWindow.renderGL()V (347 bytes) @ 0x000001ab5ebf46c0 [0x000001ab5ebf4040+0x0000000000000680]
j  MainWindow.start()V+70
j  MainWindow.main([Ljava/lang/String;)V+9
v  ~StubRoutines::call_stub

siginfo: EXCEPTION_ACCESS_VIOLATION (0xc0000005), writing address 0x000001ab79b4f4f0


Register to memory mapping:

RIP=0x00007ff821c0f6a7 ig9icd64.dll
RAX=0x0000000000000000 is an unknown value
RBX=0x000001ab6e80b120 is an unknown value
RCX=0x000001ab6e80b120 is an unknown value
RDX=0x000001ab79b4f060 is an unknown value
RSP=0x0000002ee85fd190 is pointing into the stack for thread: 0x000001ab4e998000
RBP=0x000001ab6e974340 is an unknown value
RSI=0x0000000000000001 is an unknown value
RDI=0x0000000000000000 is an unknown value
R8 =0x000001ab79b4f060 is an unknown value
R9 =0x000001ab6e974301 is an unknown value
R10=0x0000000000000000 is an unknown value
R11=0x0000002ee85fd1d8 is pointing into the stack for thread: 0x000001ab4e998000
R12=0x000001ab6e90ffe8 is an unknown value
R13=0x000001ab6e974340 is an unknown value
R14=0x000001ab79b4f060 is an unknown value
R15=0x000001ab6e911580 is an unknown value


Registers:
RAX=0x0000000000000000, RBX=0x000001ab6e80b120, RCX=0x000001ab6e80b120, RDX=0x000001ab79b4f060
RSP=0x0000002ee85fd190, RBP=0x000001ab6e974340, RSI=0x0000000000000001, RDI=0x0000000000000000
R8 =0x000001ab79b4f060, R9 =0x000001ab6e974301, R10=0x0000000000000000, R11=0x0000002ee85fd1d8
R12=0x000001ab6e90ffe8, R13=0x000001ab6e974340, R14=0x000001ab79b4f060, R15=0x000001ab6e911580
RIP=0x00007ff821c0f6a7, EFLAGS=0x0000000000010206

Top of Stack: (sp=0x0000002ee85fd190)
0x0000002ee85fd190:   0000000000000000 000001ab00000000
0x0000002ee85fd1a0:   0000000000000000 0000000000000000
0x0000002ee85fd1b0:   fffffffffffffffe 0000000000000001
0x0000002ee85fd1c0:   0000000000000001 0000000000000000
0x0000002ee85fd1d0:   0000000000000001 00007ff821bf4258
0x0000002ee85fd1e0:   000001ab79b4f060 000001ab6e80b120
0x0000002ee85fd1f0:   000001ac5502ae30 0000000000000000
0x0000002ee85fd200:   0000000000000001 0000000000000000
0x0000002ee85fd210:   0000000000000000 0000000000000001
0x0000002ee85fd220:   000001ab6e9103b0 000000000000000e
0x0000002ee85fd230:   000001ab6e90ffe0 000001ab6e8dbd00
0x0000002ee85fd240:   0000002ee85fd430 00007ff821de093f
0x0000002ee85fd250:   000001ab6e84df90 000001ab6e90ffc8
0x0000002ee85fd260:   000001ab6e911580 000001ab6e90ffe0
0x0000002ee85fd270:   0000002ee85fd2a0 000001ab6e974340
0x0000002ee85fd280:   0000002ee85fd430 000001ab6e90ff80 

Instructions: (pc=0x00007ff821c0f6a7)
0x00007ff821c0f687:   48 8b e9 48 8b 1d 67 66 ee 00 48 89 5c 24 58 48
0x00007ff821c0f697:   8b cb ff 15 f1 3b a7 00 90 48 8b 85 78 02 00 00
0x00007ff821c0f6a7:   49 89 86 90 04 00 00 4c 89 b5 78 02 00 00 ff 85
0x00007ff821c0f6b7:   80 02 00 00 49 8b 76 08 48 8b 06 48 8b b8 b0 02 



---------------  P R O C E S S  ---------------

Java Threads: ( => current thread )
  0x000001ab781b3000 JavaThread "LWJGL Timer" daemon [_thread_blocked, id=368, stack(0x0000002eea000000,0x0000002eea100000)]
  0x000001ab6e710800 JavaThread "Service Thread" daemon [_thread_blocked, id=16668, stack(0x0000002ee9b00000,0x0000002ee9c00000)]
  0x000001ab6e545800 JavaThread "Common-Cleaner" daemon [_thread_blocked, id=14548, stack(0x0000002ee9a00000,0x0000002ee9b00000)]
  0x000001ab6e51a800 JavaThread "Sweeper thread" daemon [_thread_blocked, id=3728, stack(0x0000002ee9900000,0x0000002ee9a00000)]
  0x000001ab6e4ea000 JavaThread "C1 CompilerThread2" daemon [_thread_blocked, id=5892, stack(0x0000002ee9800000,0x0000002ee9900000)]
  0x000001ab6e4ad800 JavaThread "C2 CompilerThread1" daemon [_thread_blocked, id=7708, stack(0x0000002ee9700000,0x0000002ee9800000)]
  0x000001ab6e49b000 JavaThread "C2 CompilerThread0" daemon [_thread_blocked, id=20132, stack(0x0000002ee9600000,0x0000002ee9700000)]
  0x000001ab6e496000 JavaThread "Attach Listener" daemon [_thread_blocked, id=8240, stack(0x0000002ee9500000,0x0000002ee9600000)]
  0x000001ab6e495800 JavaThread "Signal Dispatcher" daemon [_thread_blocked, id=5784, stack(0x0000002ee9400000,0x0000002ee9500000)]
  0x000001ab6e435000 JavaThread "Finalizer" daemon [_thread_blocked, id=16296, stack(0x0000002ee9300000,0x0000002ee9400000)]
  0x000001ab6e402000 JavaThread "Reference Handler" daemon [_thread_blocked, id=7492, stack(0x0000002ee9200000,0x0000002ee9300000)]
=>0x000001ab4e998000 JavaThread "main" [_thread_in_native, id=18728, stack(0x0000002ee8500000,0x0000002ee8600000)]

Other Threads:
  0x000001ab6e42b800 VMThread "VM Thread" [stack: 0x0000002ee9100000,0x0000002ee9200000] [id=21156]
  0x000001ab6e712000 WatcherThread [stack: 0x0000002ee9c00000,0x0000002ee9d00000] [id=10404]
  0x000001ab4e9af800 GCTaskThread "GC Thread#0" [stack: 0x0000002ee8600000,0x0000002ee8700000] [id=11260]
  0x000001ab4e9b2000 GCTaskThread "GC Thread#1" [stack: 0x0000002ee8700000,0x0000002ee8800000] [id=9708]
  0x000001ab4e9b4800 GCTaskThread "GC Thread#2" [stack: 0x0000002ee8800000,0x0000002ee8900000] [id=21288]
  0x000001ab4e9b7000 GCTaskThread "GC Thread#3" [stack: 0x0000002ee8900000,0x0000002ee8a00000] [id=20352]
  0x000001ab4ea29000 ConcurrentGCThread "G1 Main Marker" [stack: 0x0000002ee8f00000,0x0000002ee9000000] [id=11140]
  0x000001ab4ea2d000 ConcurrentGCThread "G1 Marker#0" [stack: 0x0000002ee9000000,0x0000002ee9100000] [id=18600]
  0x000001ab4e9c1800 ConcurrentGCThread "G1 Refine#0" [stack: 0x0000002ee8d00000,0x0000002ee8e00000] [id=7496]
  0x000001ab4e9bf800 ConcurrentGCThread "G1 Refine#1" [stack: 0x0000002ee8c00000,0x0000002ee8d00000] [id=15640]
  0x000001ab4e9bc800 ConcurrentGCThread "G1 Refine#2" [stack: 0x0000002ee8b00000,0x0000002ee8c00000] [id=17780]
  0x000001ab4e9ba800 ConcurrentGCThread "G1 Refine#3" [stack: 0x0000002ee8a00000,0x0000002ee8b00000] [id=13108]
  0x000001ab4e9c3000 ConcurrentGCThread "G1 Young RemSet Sampling" [stack: 0x0000002ee8e00000,0x0000002ee8f00000] [id=21500]

Threads with active compile tasks:

VM state:not at safepoint (normal execution)

VM Mutex/Monitor currently owned by a thread: None

Heap address: 0x0000000082400000, size: 2012 MB, Compressed Oops mode: 32-bit
Narrow klass base: 0x0000000000000000, Narrow klass shift: 3
Compressed class space size: 1073741824 Address: 0x0000000100000000

Heap:
 garbage-first heap   total 129024K, used 74600K [0x0000000082400000, 0x00000000825003f0, 0x0000000100000000)
  region size 1024K, 71 young (72704K), 1 survivors (1024K)
 Metaspace       used 7734K, capacity 7857K, committed 7936K, reserved 1056768K
  class space    used 679K, capacity 704K, committed 768K, reserved 1048576K
Heap Regions: E=young(eden), S=young(survivor), O=old, HS=humongous(starts), HC=humongous(continues), CS=collection set, F=free, A=archive, TS=gc time stamp, AC=allocation context, TAMS=top-at-mark-start (previous, next)
|   0|0x0000000082400000, 0x0000000082500000, 0x0000000082500000|100%| O|  |TS 31|AC  0|TAMS 0x0000000082400000, 0x0000000082400000|
|   1|0x0000000082500000, 0x0000000082600000, 0x0000000082600000|100%| O|  |TS 31|AC  0|TAMS 0x0000000082500000, 0x0000000082500000|
|   2|0x0000000082600000, 0x00000000826ed800, 0x0000000082700000| 92%| O|  |TS 61|AC  0|TAMS 0x0000000082600000, 0x0000000082600000|
|   3|0x0000000082700000, 0x0000000082700000, 0x0000000082800000|  0%| F|  |TS  0|AC  0|TAMS 0x0000000082700000, 0x0000000082700000|
|   4|0x0000000082800000, 0x0000000082800000, 0x0000000082900000|  0%| F|  |TS  0|AC  0|TAMS 0x0000000082800000, 0x0000000082800000|
|   5|0x0000000082900000, 0x0000000082900000, 0x0000000082a00000|  0%| F|  |TS  0|AC  0|TAMS 0x0000000082900000, 0x0000000082900000|
|   6|0x0000000082a00000, 0x0000000082a00000, 0x0000000082b00000|  0%| F|  |TS  0|AC  0|TAMS 0x0000000082a00000, 0x0000000082a00000|
|   7|0x0000000082b00000, 0x0000000082b00000, 0x0000000082c00000|  0%| F|  |TS  0|AC  0|TAMS 0x0000000082b00000, 0x0000000082b00000|
|   8|0x0000000082c00000, 0x0000000082c00000, 0x0000000082d00000|  0%| F|  |TS  0|AC  0|TAMS 0x0000000082c00000, 0x0000000082c00000|
|   9|0x0000000082d00000, 0x0000000082d00000, 0x0000000082e00000|  0%| F|  |TS  0|AC  0|TAMS 0x0000000082d00000, 0x0000000082d00000|
|  10|0x0000000082e00000, 0x0000000082e00000, 0x0000000082f00000|  0%| F|  |TS  0|AC  0|TAMS 0x0000000082e00000, 0x0000000082e00000|
|  11|0x0000000082f00000, 0x0000000082f00000, 0x0000000083000000|  0%| F|  |TS  0|AC  0|TAMS 0x0000000082f00000, 0x0000000082f00000|
|  12|0x0000000083000000, 0x0000000083000000, 0x0000000083100000|  0%| F|  |TS  0|AC  0|TAMS 0x0000000083000000, 0x0000000083000000|
|  13|0x0000000083100000, 0x0000000083100000, 0x0000000083200000|  0%| F|  |TS  0|AC  0|TAMS 0x0000000083100000, 0x0000000083100000|
|  14|0x0000000083200000, 0x0000000083200000, 0x0000000083300000|  0%| F|  |TS  0|AC  0|TAMS 0x0000000083200000, 0x0000000083200000|
|  15|0x0000000083300000, 0x0000000083300000, 0x0000000083400000|  0%| F|  |TS  0|AC  0|TAMS 0x0000000083300000, 0x0000000083300000|
|  16|0x0000000083400000, 0x0000000083400000, 0x0000000083500000|  0%| F|  |TS  0|AC  0|TAMS 0x0000000083400000, 0x0000000083400000|
|  17|0x0000000083500000, 0x0000000083500000, 0x0000000083600000|  0%| F|  |TS  0|AC  0|TAMS 0x0000000083500000, 0x0000000083500000|
|  18|0x0000000083600000, 0x0000000083600000, 0x0000000083700000|  0%| F|  |TS  0|AC  0|TAMS 0x0000000083600000, 0x0000000083600000|
|  19|0x0000000083700000, 0x0000000083700000, 0x0000000083800000|  0%| F|  |TS  0|AC  0|TAMS 0x0000000083700000, 0x0000000083700000|
|  20|0x0000000083800000, 0x0000000083800000, 0x0000000083900000|  0%| F|  |TS  0|AC  0|TAMS 0x0000000083800000, 0x0000000083800000|
|  21|0x0000000083900000, 0x0000000083900000, 0x0000000083a00000|  0%| F|  |TS  0|AC  0|TAMS 0x0000000083900000, 0x0000000083900000|
|  22|0x0000000083a00000, 0x0000000083a00000, 0x0000000083b00000|  0%| F|  |TS  0|AC  0|TAMS 0x0000000083a00000, 0x0000000083a00000|
|  23|0x0000000083b00000, 0x0000000083b00000, 0x0000000083c00000|  0%| F|  |TS  0|AC  0|TAMS 0x0000000083b00000, 0x0000000083b00000|
|  24|0x0000000083c00000, 0x0000000083c00000, 0x0000000083d00000|  0%| F|  |TS  0|AC  0|TAMS 0x0000000083c00000, 0x0000000083c00000|
|  25|0x0000000083d00000, 0x0000000083d00000, 0x0000000083e00000|  0%| F|  |TS  0|AC  0|TAMS 0x0000000083d00000, 0x0000000083d00000|
|  26|0x0000000083e00000, 0x0000000083e00000, 0x0000000083f00000|  0%| F|  |TS  0|AC  0|TAMS 0x0000000083e00000, 0x0000000083e00000|
|  27|0x0000000083f00000, 0x0000000083f00000, 0x0000000084000000|  0%| F|  |TS  0|AC  0|TAMS 0x0000000083f00000, 0x0000000083f00000|
|  28|0x0000000084000000, 0x0000000084000000, 0x0000000084100000|  0%| F|  |TS  0|AC  0|TAMS 0x0000000084000000, 0x0000000084000000|
|  29|0x0000000084100000, 0x0000000084100000, 0x0000000084200000|  0%| F|  |TS  0|AC  0|TAMS 0x0000000084100000, 0x0000000084100000|
|  30|0x0000000084200000, 0x0000000084200000, 0x0000000084300000|  0%| F|  |TS  0|AC  0|TAMS 0x0000000084200000, 0x0000000084200000|
|  31|0x0000000084300000, 0x0000000084300000, 0x0000000084400000|  0%| F|  |TS  0|AC  0|TAMS 0x0000000084300000, 0x0000000084300000|
|  32|0x0000000084400000, 0x0000000084400000, 0x0000000084500000|  0%| F|  |TS  0|AC  0|TAMS 0x0000000084400000, 0x0000000084400000|
|  33|0x0000000084500000, 0x0000000084500000, 0x0000000084600000|  0%| F|  |TS  0|AC  0|TAMS 0x0000000084500000, 0x0000000084500000|
|  34|0x0000000084600000, 0x0000000084600000, 0x0000000084700000|  0%| F|  |TS  0|AC  0|TAMS 0x0000000084600000, 0x0000000084600000|
|  35|0x0000000084700000, 0x0000000084700000, 0x0000000084800000|  0%| F|  |TS  0|AC  0|TAMS 0x0000000084700000, 0x0000000084700000|
|  36|0x0000000084800000, 0x0000000084800000, 0x0000000084900000|  0%| F|  |TS  0|AC  0|TAMS 0x0000000084800000, 0x0000000084800000|
|  37|0x0000000084900000, 0x0000000084900000, 0x0000000084a00000|  0%| F|  |TS  0|AC  0|TAMS 0x0000000084900000, 0x0000000084900000|
|  38|0x0000000084a00000, 0x0000000084a00000, 0x0000000084b00000|  0%| F|  |TS  0|AC  0|TAMS 0x0000000084a00000, 0x0000000084a00000|
|  39|0x0000000084b00000, 0x0000000084b00000, 0x0000000084c00000|  0%| F|  |TS  0|AC  0|TAMS 0x0000000084b00000, 0x0000000084b00000|
|  40|0x0000000084c00000, 0x0000000084c00000, 0x0000000084d00000|  0%| F|  |TS  0|AC  0|TAMS 0x0000000084c00000, 0x0000000084c00000|
|  41|0x0000000084d00000, 0x0000000084d00000, 0x0000000084e00000|  0%| F|  |TS  0|AC  0|TAMS 0x0000000084d00000, 0x0000000084d00000|
|  42|0x0000000084e00000, 0x0000000084e00000, 0x0000000084f00000|  0%| F|  |TS  0|AC  0|TAMS 0x0000000084e00000, 0x0000000084e00000|
|  43|0x0000000084f00000, 0x0000000084f00000, 0x0000000085000000|  0%| F|  |TS  0|AC  0|TAMS 0x0000000084f00000, 0x0000000084f00000|
|  44|0x0000000085000000, 0x0000000085000000, 0x0000000085100000|  0%| F|  |TS  0|AC  0|TAMS 0x0000000085000000, 0x0000000085000000|
|  45|0x0000000085100000, 0x0000000085100000, 0x0000000085200000|  0%| F|  |TS  0|AC  0|TAMS 0x0000000085100000, 0x0000000085100000|
|  46|0x0000000085200000, 0x0000000085200000, 0x0000000085300000|  0%| F|  |TS  0|AC  0|TAMS 0x0000000085200000, 0x0000000085200000|
|  47|0x0000000085300000, 0x0000000085300000, 0x0000000085400000|  0%| F|  |TS  0|AC  0|TAMS 0x0000000085300000, 0x0000000085300000|
|  48|0x0000000085400000, 0x0000000085400000, 0x0000000085500000|  0%| F|  |TS 29|AC  0|TAMS 0x0000000085400000, 0x0000000085400000|
|  49|0x0000000085500000, 0x0000000085500000, 0x0000000085600000|  0%| F|  |TS 29|AC  0|TAMS 0x0000000085500000, 0x0000000085500000|
|  50|0x0000000085600000, 0x0000000085600000, 0x0000000085700000|  0%| F|  |TS 61|AC  0|TAMS 0x0000000085600000, 0x0000000085600000|
|  51|0x0000000085700000, 0x00000000857ecac0, 0x0000000085800000| 92%| S|CS|TS 61|AC  0|TAMS 0x0000000085700000, 0x0000000085700000|
|  52|0x0000000085800000, 0x0000000085800000, 0x0000000085900000|  0%| F|  |TS 61|AC  0|TAMS 0x0000000085800000, 0x0000000085800000|
|  53|0x0000000085900000, 0x0000000085900000, 0x0000000085a00000|  0%| F|  |TS 61|AC  0|TAMS 0x0000000085900000, 0x0000000085900000|
|  54|0x0000000085a00000, 0x0000000085a00000, 0x0000000085b00000|  0%| F|  |TS 61|AC  0|TAMS 0x0000000085a00000, 0x0000000085a00000|
|  55|0x0000000085b00000, 0x0000000085b00000, 0x0000000085c00000|  0%| F|  |TS 61|AC  0|TAMS 0x0000000085b00000, 0x0000000085b00000|
|  56|0x0000000085c00000, 0x0000000085d00000, 0x0000000085d00000|100%| E|  |TS 61|AC  0|TAMS 0x0000000085c00000, 0x0000000085c00000|
|  57|0x0000000085d00000, 0x0000000085e00000, 0x0000000085e00000|100%| E|CS|TS 61|AC  0|TAMS 0x0000000085d00000, 0x0000000085d00000|
|  58|0x0000000085e00000, 0x0000000085f00000, 0x0000000085f00000|100%| E|CS|TS 61|AC  0|TAMS 0x0000000085e00000, 0x0000000085e00000|
|  59|0x0000000085f00000, 0x0000000086000000, 0x0000000086000000|100%| E|CS|TS 61|AC  0|TAMS 0x0000000085f00000, 0x0000000085f00000|
|  60|0x0000000086000000, 0x0000000086100000, 0x0000000086100000|100%| E|CS|TS 61|AC  0|TAMS 0x0000000086000000, 0x0000000086000000|
|  61|0x0000000086100000, 0x0000000086200000, 0x0000000086200000|100%| E|CS|TS 61|AC  0|TAMS 0x0000000086100000, 0x0000000086100000|
|  62|0x0000000086200000, 0x0000000086300000, 0x0000000086300000|100%| E|CS|TS 61|AC  0|TAMS 0x0000000086200000, 0x0000000086200000|
|  63|0x0000000086300000, 0x0000000086400000, 0x0000000086400000|100%| E|CS|TS 61|AC  0|TAMS 0x0000000086300000, 0x0000000086300000|
|  64|0x0000000086400000, 0x0000000086500000, 0x0000000086500000|100%| E|CS|TS 61|AC  0|TAMS 0x0000000086400000, 0x0000000086400000|
|  65|0x0000000086500000, 0x0000000086600000, 0x0000000086600000|100%| E|CS|TS 61|AC  0|TAMS 0x0000000086500000, 0x0000000086500000|
|  66|0x0000000086600000, 0x0000000086700000, 0x0000000086700000|100%| E|CS|TS 61|AC  0|TAMS 0x0000000086600000, 0x0000000086600000|
|  67|0x0000000086700000, 0x0000000086800000, 0x0000000086800000|100%| E|CS|TS 61|AC  0|TAMS 0x0000000086700000, 0x0000000086700000|
|  68|0x0000000086800000, 0x0000000086900000, 0x0000000086900000|100%| E|CS|TS 61|AC  0|TAMS 0x0000000086800000, 0x0000000086800000|
|  69|0x0000000086900000, 0x0000000086a00000, 0x0000000086a00000|100%| E|CS|TS 61|AC  0|TAMS 0x0000000086900000, 0x0000000086900000|
|  70|0x0000000086a00000, 0x0000000086b00000, 0x0000000086b00000|100%| E|CS|TS 61|AC  0|TAMS 0x0000000086a00000, 0x0000000086a00000|
|  71|0x0000000086b00000, 0x0000000086c00000, 0x0000000086c00000|100%| E|CS|TS 61|AC  0|TAMS 0x0000000086b00000, 0x0000000086b00000|
|  72|0x0000000086c00000, 0x0000000086d00000, 0x0000000086d00000|100%| E|CS|TS 61|AC  0|TAMS 0x0000000086c00000, 0x0000000086c00000|
|  73|0x0000000086d00000, 0x0000000086e00000, 0x0000000086e00000|100%| E|CS|TS 61|AC  0|TAMS 0x0000000086d00000, 0x0000000086d00000|
|  74|0x0000000086e00000, 0x0000000086f00000, 0x0000000086f00000|100%| E|CS|TS 61|AC  0|TAMS 0x0000000086e00000, 0x0000000086e00000|
|  75|0x0000000086f00000, 0x0000000087000000, 0x0000000087000000|100%| E|CS|TS 61|AC  0|TAMS 0x0000000086f00000, 0x0000000086f00000|
|  76|0x0000000087000000, 0x0000000087100000, 0x0000000087100000|100%| E|CS|TS 61|AC  0|TAMS 0x0000000087000000, 0x0000000087000000|
|  77|0x0000000087100000, 0x0000000087200000, 0x0000000087200000|100%| E|CS|TS 61|AC  0|TAMS 0x0000000087100000, 0x0000000087100000|
|  78|0x0000000087200000, 0x0000000087300000, 0x0000000087300000|100%| E|CS|TS 61|AC  0|TAMS 0x0000000087200000, 0x0000000087200000|
|  79|0x0000000087300000, 0x0000000087400000, 0x0000000087400000|100%| E|CS|TS 61|AC  0|TAMS 0x0000000087300000, 0x0000000087300000|
|  80|0x0000000087400000, 0x0000000087500000, 0x0000000087500000|100%| E|CS|TS 61|AC  0|TAMS 0x0000000087400000, 0x0000000087400000|
|  81|0x0000000087500000, 0x0000000087600000, 0x0000000087600000|100%| E|CS|TS 61|AC  0|TAMS 0x0000000087500000, 0x0000000087500000|
|  82|0x0000000087600000, 0x0000000087700000, 0x0000000087700000|100%| E|CS|TS 61|AC  0|TAMS 0x0000000087600000, 0x0000000087600000|
|  83|0x0000000087700000, 0x0000000087800000, 0x0000000087800000|100%| E|CS|TS 61|AC  0|TAMS 0x0000000087700000, 0x0000000087700000|
|  84|0x0000000087800000, 0x0000000087900000, 0x0000000087900000|100%| E|CS|TS 61|AC  0|TAMS 0x0000000087800000, 0x0000000087800000|
|  85|0x0000000087900000, 0x0000000087a00000, 0x0000000087a00000|100%| E|CS|TS 61|AC  0|TAMS 0x0000000087900000, 0x0000000087900000|
|  86|0x0000000087a00000, 0x0000000087b00000, 0x0000000087b00000|100%| E|CS|TS 61|AC  0|TAMS 0x0000000087a00000, 0x0000000087a00000|
|  87|0x0000000087b00000, 0x0000000087c00000, 0x0000000087c00000|100%| E|CS|TS 61|AC  0|TAMS 0x0000000087b00000, 0x0000000087b00000|
|  88|0x0000000087c00000, 0x0000000087d00000, 0x0000000087d00000|100%| E|CS|TS 61|AC  0|TAMS 0x0000000087c00000, 0x0000000087c00000|
|  89|0x0000000087d00000, 0x0000000087e00000, 0x0000000087e00000|100%| E|CS|TS 61|AC  0|TAMS 0x0000000087d00000, 0x0000000087d00000|
|  90|0x0000000087e00000, 0x0000000087f00000, 0x0000000087f00000|100%| E|CS|TS 61|AC  0|TAMS 0x0000000087e00000, 0x0000000087e00000|
|  91|0x0000000087f00000, 0x0000000088000000, 0x0000000088000000|100%| E|CS|TS 61|AC  0|TAMS 0x0000000087f00000, 0x0000000087f00000|
|  92|0x0000000088000000, 0x0000000088100000, 0x0000000088100000|100%| E|CS|TS 61|AC  0|TAMS 0x0000000088000000, 0x0000000088000000|
|  93|0x0000000088100000, 0x0000000088200000, 0x0000000088200000|100%| E|CS|TS 61|AC  0|TAMS 0x0000000088100000, 0x0000000088100000|
|  94|0x0000000088200000, 0x0000000088300000, 0x0000000088300000|100%| E|CS|TS 61|AC  0|TAMS 0x0000000088200000, 0x0000000088200000|
|  95|0x0000000088300000, 0x0000000088400000, 0x0000000088400000|100%| E|CS|TS 61|AC  0|TAMS 0x0000000088300000, 0x0000000088300000|
|  96|0x0000000088400000, 0x0000000088500000, 0x0000000088500000|100%| E|CS|TS 61|AC  0|TAMS 0x0000000088400000, 0x0000000088400000|
|  97|0x0000000088500000, 0x0000000088600000, 0x0000000088600000|100%| E|CS|TS 61|AC  0|TAMS 0x0000000088500000, 0x0000000088500000|
|  98|0x0000000088600000, 0x0000000088700000, 0x0000000088700000|100%| E|CS|TS 61|AC  0|TAMS 0x0000000088600000, 0x0000000088600000|
|  99|0x0000000088700000, 0x0000000088800000, 0x0000000088800000|100%| E|CS|TS 61|AC  0|TAMS 0x0000000088700000, 0x0000000088700000|
| 100|0x0000000088800000, 0x0000000088900000, 0x0000000088900000|100%| E|CS|TS 61|AC  0|TAMS 0x0000000088800000, 0x0000000088800000|
| 101|0x0000000088900000, 0x0000000088a00000, 0x0000000088a00000|100%| E|CS|TS 61|AC  0|TAMS 0x0000000088900000, 0x0000000088900000|
| 102|0x0000000088a00000, 0x0000000088b00000, 0x0000000088b00000|100%| E|CS|TS 61|AC  0|TAMS 0x0000000088a00000, 0x0000000088a00000|
| 103|0x0000000088b00000, 0x0000000088c00000, 0x0000000088c00000|100%| E|CS|TS 61|AC  0|TAMS 0x0000000088b00000, 0x0000000088b00000|
| 104|0x0000000088c00000, 0x0000000088d00000, 0x0000000088d00000|100%| E|CS|TS 61|AC  0|TAMS 0x0000000088c00000, 0x0000000088c00000|
| 105|0x0000000088d00000, 0x0000000088e00000, 0x0000000088e00000|100%| E|CS|TS 61|AC  0|TAMS 0x0000000088d00000, 0x0000000088d00000|
| 106|0x0000000088e00000, 0x0000000088f00000, 0x0000000088f00000|100%| E|CS|TS 61|AC  0|TAMS 0x0000000088e00000, 0x0000000088e00000|
| 107|0x0000000088f00000, 0x0000000089000000, 0x0000000089000000|100%| E|CS|TS 61|AC  0|TAMS 0x0000000088f00000, 0x0000000088f00000|
| 108|0x0000000089000000, 0x0000000089100000, 0x0000000089100000|100%| E|CS|TS 61|AC  0|TAMS 0x0000000089000000, 0x0000000089000000|
| 109|0x0000000089100000, 0x0000000089200000, 0x0000000089200000|100%| E|CS|TS 61|AC  0|TAMS 0x0000000089100000, 0x0000000089100000|
| 110|0x0000000089200000, 0x0000000089300000, 0x0000000089300000|100%| E|CS|TS 61|AC  0|TAMS 0x0000000089200000, 0x0000000089200000|
| 111|0x0000000089300000, 0x0000000089400000, 0x0000000089400000|100%| E|CS|TS 61|AC  0|TAMS 0x0000000089300000, 0x0000000089300000|
| 112|0x0000000089400000, 0x0000000089500000, 0x0000000089500000|100%| E|CS|TS 61|AC  0|TAMS 0x0000000089400000, 0x0000000089400000|
| 113|0x0000000089500000, 0x0000000089600000, 0x0000000089600000|100%| E|CS|TS 61|AC  0|TAMS 0x0000000089500000, 0x0000000089500000|
| 114|0x0000000089600000, 0x0000000089700000, 0x0000000089700000|100%| E|CS|TS 61|AC  0|TAMS 0x0000000089600000, 0x0000000089600000|
| 115|0x0000000089700000, 0x0000000089800000, 0x0000000089800000|100%| E|CS|TS 61|AC  0|TAMS 0x0000000089700000, 0x0000000089700000|
| 116|0x0000000089800000, 0x0000000089900000, 0x0000000089900000|100%| E|CS|TS 61|AC  0|TAMS 0x0000000089800000, 0x0000000089800000|
| 117|0x0000000089900000, 0x0000000089a00000, 0x0000000089a00000|100%| E|CS|TS 61|AC  0|TAMS 0x0000000089900000, 0x0000000089900000|
| 118|0x0000000089a00000, 0x0000000089b00000, 0x0000000089b00000|100%| E|CS|TS 61|AC  0|TAMS 0x0000000089a00000, 0x0000000089a00000|
| 119|0x0000000089b00000, 0x0000000089c00000, 0x0000000089c00000|100%| E|CS|TS 61|AC  0|TAMS 0x0000000089b00000, 0x0000000089b00000|
| 120|0x0000000089c00000, 0x0000000089d00000, 0x0000000089d00000|100%| E|CS|TS 61|AC  0|TAMS 0x0000000089c00000, 0x0000000089c00000|
| 121|0x0000000089d00000, 0x0000000089e00000, 0x0000000089e00000|100%| E|CS|TS 61|AC  0|TAMS 0x0000000089d00000, 0x0000000089d00000|
| 122|0x0000000089e00000, 0x0000000089f00000, 0x0000000089f00000|100%| E|CS|TS 61|AC  0|TAMS 0x0000000089e00000, 0x0000000089e00000|
| 123|0x0000000089f00000, 0x000000008a000000, 0x000000008a000000|100%| E|CS|TS 61|AC  0|TAMS 0x0000000089f00000, 0x0000000089f00000|
| 124|0x000000008a000000, 0x000000008a100000, 0x000000008a100000|100%| E|CS|TS 61|AC  0|TAMS 0x000000008a000000, 0x000000008a000000|
| 125|0x000000008a100000, 0x000000008a200000, 0x000000008a200000|100%| E|CS|TS 61|AC  0|TAMS 0x000000008a100000, 0x000000008a100000|

Card table byte_map: [0x000001ab66ec0000,0x000001ab672b0000] byte_map_base: 0x000001ab66aae000

Marking Bits (Prev, Next): (CMBitMap*) 0x000001ab4ea28370, (CMBitMap*) 0x000001ab4ea283a8
 Prev Bits: [0x000001ab676a0000, 0x000001ab69610000)
 Next Bits: [0x000001ab69610000, 0x000001ab6b580000)

Polling page: 0x000001ab4e940000

CodeHeap 'non-profiled nmethods': size=120064Kb used=488Kb max_used=488Kb free=119575Kb
 bounds [0x000001ab5eb80000, 0x000001ab5edf0000, 0x000001ab660c0000]
CodeHeap 'profiled nmethods': size=120000Kb used=1802Kb max_used=1802Kb free=118198Kb
 bounds [0x000001ab57650000, 0x000001ab578c0000, 0x000001ab5eb80000]
CodeHeap 'non-nmethods': size=5696Kb used=1265Kb max_used=1289Kb free=4431Kb
 bounds [0x000001ab570c0000, 0x000001ab57330000, 0x000001ab57650000]
 total_blobs=1615 nmethods=859 adapters=359
 compilation: enabled

Compilation events (10 events):
Event: 122.998 Thread 0x000001ab6e4ea000  855       1       java.nio.charset.CharsetDecoder::maxCharsPerByte (5 bytes)
Event: 122.999 Thread 0x000001ab6e4ea000 nmethod 855 0x000001ab5ebf6c90 code [0x000001ab5ebf6e40, 0x000001ab5ebf6f58]
Event: 127.963 Thread 0x000001ab6e4ea000  856       3       java.nio.HeapByteBuffer::get (14 bytes)
Event: 127.966 Thread 0x000001ab6e4ea000 nmethod 856 0x000001ab57810c10 code [0x000001ab57810de0, 0x000001ab57811190]
Event: 157.813 Thread 0x000001ab6e4ea000  857   !   3       java.lang.ref.Reference::processPendingReferences (132 bytes)
Event: 157.842 Thread 0x000001ab6e4ea000 nmethod 857 0x000001ab57811310 code [0x000001ab578115a0, 0x000001ab57812450]
Event: 166.566 Thread 0x000001ab6e49b000  858       4       org.lwjgl.opengl.Display::update (5 bytes)
Event: 166.636 Thread 0x000001ab6e49b000 nmethod 858 0x000001ab5ebf7010 code [0x000001ab5ebf7260, 0x000001ab5ebf81f0]
Event: 207.530 Thread 0x000001ab6e4ad800  859   !   4       java.lang.ref.Reference::processPendingReferences (132 bytes)
Event: 207.598 Thread 0x000001ab6e4ad800 nmethod 859 0x000001ab5ebf8990 code [0x000001ab5ebf8be0, 0x000001ab5ebf9f80]

GC Heap History (10 events):
Event: 173.183 GC heap before
{Heap before GC invocations=26 (full 0):
 garbage-first heap   total 129024K, used 79713K [0x0000000082400000, 0x00000000825003f0, 0x0000000100000000)
  region size 1024K, 75 young (76800K), 1 survivors (1024K)
 Metaspace       used 7734K, capacity 7857K, committed 7936K, reserved 1056768K
  class space    used 679K, capacity 704K, committed 768K, reserved 1048576K
}
Event: 173.187 GC heap after
{Heap after GC invocations=27 (full 0):
 garbage-first heap   total 129024K, used 3986K [0x0000000082400000, 0x00000000825003f0, 0x0000000100000000)
  region size 1024K, 1 young (1024K), 1 survivors (1024K)
 Metaspace       used 7734K, capacity 7857K, committed 7936K, reserved 1056768K
  class space    used 679K, capacity 704K, committed 768K, reserved 1048576K
}
Event: 187.562 GC heap before
{Heap before GC invocations=27 (full 0):
 garbage-first heap   total 129024K, used 79762K [0x0000000082400000, 0x00000000825003f0, 0x0000000100000000)
  region size 1024K, 75 young (76800K), 1 survivors (1024K)
 Metaspace       used 7734K, capacity 7857K, committed 7936K, reserved 1056768K
  class space    used 679K, capacity 704K, committed 768K, reserved 1048576K
}
Event: 187.620 GC heap after
{Heap after GC invocations=28 (full 0):
 garbage-first heap   total 129024K, used 3945K [0x0000000082400000, 0x00000000825003f0, 0x0000000100000000)
  region size 1024K, 1 young (1024K), 1 survivors (1024K)
 Metaspace       used 7734K, capacity 7857K, committed 7936K, reserved 1056768K
  class space    used 679K, capacity 704K, committed 768K, reserved 1048576K
}
Event: 194.355 GC heap before
{Heap before GC invocations=28 (full 0):
 garbage-first heap   total 129024K, used 79721K [0x0000000082400000, 0x00000000825003f0, 0x0000000100000000)
  region size 1024K, 75 young (76800K), 1 survivors (1024K)
 Metaspace       used 7734K, capacity 7857K, committed 7936K, reserved 1056768K
  class space    used 679K, capacity 704K, committed 768K, reserved 1048576K
}
Event: 194.360 GC heap after
{Heap after GC invocations=29 (full 0):
 garbage-first heap   total 129024K, used 3902K [0x0000000082400000, 0x00000000825003f0, 0x0000000100000000)
  region size 1024K, 1 young (1024K), 1 survivors (1024K)
 Metaspace       used 7734K, capacity 7857K, committed 7936K, reserved 1056768K
  class space    used 679K, capacity 704K, committed 768K, reserved 1048576K
}
Event: 200.080 GC heap before
{Heap before GC invocations=29 (full 0):
 garbage-first heap   total 129024K, used 79678K [0x0000000082400000, 0x00000000825003f0, 0x0000000100000000)
  region size 1024K, 75 young (76800K), 1 survivors (1024K)
 Metaspace       used 7734K, capacity 7857K, committed 7936K, reserved 1056768K
  class space    used 679K, capacity 704K, committed 768K, reserved 1048576K
}
Event: 200.084 GC heap after
{Heap after GC invocations=30 (full 0):
 garbage-first heap   total 129024K, used 3944K [0x0000000082400000, 0x00000000825003f0, 0x0000000100000000)
  region size 1024K, 1 young (1024K), 1 survivors (1024K)
 Metaspace       used 7734K, capacity 7857K, committed 7936K, reserved 1056768K
  class space    used 679K, capacity 704K, committed 768K, reserved 1048576K
}
Event: 207.522 GC heap before
{Heap before GC invocations=30 (full 0):
 garbage-first heap   total 129024K, used 79720K [0x0000000082400000, 0x00000000825003f0, 0x0000000100000000)
  region size 1024K, 75 young (76800K), 1 survivors (1024K)
 Metaspace       used 7734K, capacity 7857K, committed 7936K, reserved 1056768K
  class space    used 679K, capacity 704K, committed 768K, reserved 1048576K
}
Event: 207.526 GC heap after
{Heap after GC invocations=31 (full 0):
 garbage-first heap   total 129024K, used 3944K [0x0000000082400000, 0x00000000825003f0, 0x0000000100000000)
  region size 1024K, 1 young (1024K), 1 survivors (1024K)
 Metaspace       used 7734K, capacity 7857K, committed 7936K, reserved 1056768K
  class space    used 679K, capacity 704K, committed 768K, reserved 1048576K
}

Deoptimization events (6 events):
Event: 0.237 Thread 0x000001ab4e998000 Uncommon trap: reason=unstable_if action=reinterpret pc=0x000001ab5eb85fe0 method=java.lang.String.hashCode()I @ 22 c2
Event: 5.628 Thread 0x000001ab4e998000 Uncommon trap: reason=unstable_if action=reinterpret pc=0x000001ab5ebbccf4 method=java.nio.Bits.tryReserveMemory(JI)Z @ 29 c2
Event: 5.631 Thread 0x000001ab4e998000 Uncommon trap: reason=unstable_if action=reinterpret pc=0x000001ab5ebbb900 method=java.nio.Bits.tryReserveMemory(JI)Z @ 29 c2
Event: 41.657 Thread 0x000001ab4e998000 Uncommon trap: reason=unstable_if action=reinterpret pc=0x000001ab5ebcd95c method=org.lwjgl.opengl.EventQueue.copyEvents(Ljava/nio/ByteBuffer;)V @ 27 c2
Event: 65.618 Thread 0x000001ab4e998000 Uncommon trap: reason=unstable_if action=reinterpret pc=0x000001ab5ebdd0e0 method=org.lwjgl.opengl.WindowsDisplay.isVisible()Z @ 4 c2
Event: 149.935 Thread 0x000001ab6e402000 Uncommon trap: reason=unstable_if action=reinterpret pc=0x000001ab5ebd2670 method=jdk.internal.ref.Cleaner.remove(Ljdk/internal/ref/Cleaner;)Z @ 14 c2

Classes redefined (0 events):
No events

Internal exceptions (0 events):
No events

Events (10 events):
Event: 194.361 Thread 0x000001ab6e402000 DEOPT PACKING pc=0x000001ab57812279 sp=0x0000002ee92ff0b0
Event: 194.361 Thread 0x000001ab6e402000 DEOPT UNPACKING pc=0x000001ab5710dd3f sp=0x0000002ee92fe570 mode 0
Event: 200.080 Executing VM operation: G1IncCollectionPause
Event: 200.084 Executing VM operation: G1IncCollectionPause done
Event: 200.085 Thread 0x000001ab6e402000 DEOPT PACKING pc=0x000001ab57812279 sp=0x0000002ee92ff0b0
Event: 200.085 Thread 0x000001ab6e402000 DEOPT UNPACKING pc=0x000001ab5710dd3f sp=0x0000002ee92fe570 mode 0
Event: 207.522 Executing VM operation: G1IncCollectionPause
Event: 207.526 Executing VM operation: G1IncCollectionPause done
Event: 207.527 Thread 0x000001ab6e402000 DEOPT PACKING pc=0x000001ab57812279 sp=0x0000002ee92ff0b0
Event: 207.527 Thread 0x000001ab6e402000 DEOPT UNPACKING pc=0x000001ab5710dd3f sp=0x0000002ee92fe570 mode 0


Dynamic libraries:
0x00007ff6b07f0000 - 0x00007ff6b082e000 	C:\Program Files\Java\jre-9.0.4\bin\javaw.exe
0x00007ff89c7c0000 - 0x00007ff89c9b0000 	C:\WINDOWS\SYSTEM32\ntdll.dll
0x00007ff89a920000 - 0x00007ff89a9d2000 	C:\WINDOWS\System32\KERNEL32.DLL
0x00007ff89a360000 - 0x00007ff89a603000 	C:\WINDOWS\System32\KERNELBASE.dll
0x00007ff89ab80000 - 0x00007ff89ac23000 	C:\WINDOWS\System32\ADVAPI32.dll
0x00007ff89ae70000 - 0x00007ff89af0e000 	C:\WINDOWS\System32\msvcrt.dll
0x00007ff89add0000 - 0x00007ff89ae67000 	C:\WINDOWS\System32\sechost.dll
0x00007ff89bee0000 - 0x00007ff89c000000 	C:\WINDOWS\System32\RPCRT4.dll
0x00007ff89a9e0000 - 0x00007ff89ab74000 	C:\WINDOWS\System32\USER32.dll
0x00007ff89a740000 - 0x00007ff89a761000 	C:\WINDOWS\System32\win32u.dll
0x00007ff89ac30000 - 0x00007ff89ac56000 	C:\WINDOWS\System32\GDI32.dll
0x00007ff899ff0000 - 0x00007ff89a184000 	C:\WINDOWS\System32\gdi32full.dll
0x00007ff899750000 - 0x00007ff8997ee000 	C:\WINDOWS\System32\msvcp_win.dll
0x00007ff89a770000 - 0x00007ff89a86a000 	C:\WINDOWS\System32\ucrtbase.dll
0x00007ff88edb0000 - 0x00007ff88f035000 	C:\WINDOWS\WinSxS\amd64_microsoft.windows.common-controls_6595b64144ccf1df_6.0.18362.418_none_e6c6b287130d565d\COMCTL32.dll
0x00007ff891170000 - 0x00007ff89117a000 	C:\WINDOWS\SYSTEM32\VERSION.dll
0x00007ff89b670000 - 0x00007ff89b9a6000 	C:\WINDOWS\System32\combase.dll
0x00007ff8997f0000 - 0x00007ff899870000 	C:\WINDOWS\System32\bcryptPrimitives.dll
0x00007ff89c3e0000 - 0x00007ff89c40e000 	C:\WINDOWS\System32\IMM32.DLL
0x00007ff862d60000 - 0x00007ff862e4f000 	C:\Program Files\Java\jre-9.0.4\bin\msvcr120.dll
0x00007ff862cb0000 - 0x00007ff862d56000 	C:\Program Files\Java\jre-9.0.4\bin\msvcp120.dll
0x00000000665f0000 - 0x0000000067015000 	C:\Program Files\Java\jre-9.0.4\bin\server\jvm.dll
0x00007ff89c6f0000 - 0x00007ff89c6f8000 	C:\WINDOWS\System32\PSAPI.DLL
0x00007ff875aa0000 - 0x00007ff875aa9000 	C:\WINDOWS\SYSTEM32\WSOCK32.dll
0x00007ff89af10000 - 0x00007ff89af7f000 	C:\WINDOWS\System32\WS2_32.dll
0x00007ff88a260000 - 0x00007ff88a284000 	C:\WINDOWS\SYSTEM32\WINMM.dll
0x00007ff88a230000 - 0x00007ff88a25d000 	C:\WINDOWS\SYSTEM32\winmmbase.dll
0x00007ff89a1c0000 - 0x00007ff89a20a000 	C:\WINDOWS\System32\cfgmgr32.dll
0x00007ff895a90000 - 0x00007ff895a9f000 	C:\Program Files\Java\jre-9.0.4\bin\verify.dll
0x00007ff894420000 - 0x00007ff894447000 	C:\Program Files\Java\jre-9.0.4\bin\java.dll
0x00007ff8924e0000 - 0x00007ff8924f6000 	C:\Program Files\Java\jre-9.0.4\bin\zip.dll
0x00007ff8944c0000 - 0x00007ff8944ca000 	C:\Program Files\Java\jre-9.0.4\bin\jimage.dll
0x00007ff89af80000 - 0x00007ff89b665000 	C:\WINDOWS\System32\SHELL32.dll
0x00007ff89c480000 - 0x00007ff89c529000 	C:\WINDOWS\System32\shcore.dll
0x00007ff899870000 - 0x00007ff899fef000 	C:\WINDOWS\System32\windows.storage.dll
0x00007ff899710000 - 0x00007ff89972f000 	C:\WINDOWS\System32\profapi.dll
0x00007ff8996a0000 - 0x00007ff8996ea000 	C:\WINDOWS\System32\powrprof.dll
0x00007ff899690000 - 0x00007ff8996a0000 	C:\WINDOWS\System32\UMPDC.dll
0x00007ff89b9b0000 - 0x00007ff89ba02000 	C:\WINDOWS\System32\shlwapi.dll
0x00007ff8996f0000 - 0x00007ff899701000 	C:\WINDOWS\System32\kernel.appcore.dll
0x00007ff89a6c0000 - 0x00007ff89a6d7000 	C:\WINDOWS\System32\cryptsp.dll
0x00007ff88a2d0000 - 0x00007ff88a2ea000 	C:\Program Files\Java\jre-9.0.4\bin\net.dll
0x00007ff897ae0000 - 0x00007ff897bd0000 	C:\WINDOWS\SYSTEM32\WINHTTP.dll
0x00007ff898f00000 - 0x00007ff898f67000 	C:\WINDOWS\system32\mswsock.dll
0x00007ff88a2b0000 - 0x00007ff88a2c1000 	C:\Program Files\Java\jre-9.0.4\bin\nio.dll
0x0000000180000000 - 0x0000000180053000 	C:\Users\ек\eclipse-workspace\Assignment3\lwjgl64.dll
0x00007ff889150000 - 0x00007ff8892a6000 	C:\WINDOWS\SYSTEM32\OPENGL32.dll
0x00007ff88f0b0000 - 0x00007ff88f0dc000 	C:\WINDOWS\SYSTEM32\GLU32.dll
0x00007ff8982e0000 - 0x00007ff898300000 	C:\WINDOWS\SYSTEM32\dxcore.dll
0x00007ff8946a0000 - 0x00007ff89474e000 	C:\WINDOWS\SYSTEM32\mscms.dll
0x00007ff894680000 - 0x00007ff894697000 	C:\WINDOWS\SYSTEM32\ColorAdapterClient.dll
0x00007ff899580000 - 0x00007ff8995a5000 	C:\WINDOWS\SYSTEM32\USERENV.dll
0x00007ff89ace0000 - 0x00007ff89ada4000 	C:\WINDOWS\System32\OLEAUT32.dll
0x00007ff89a870000 - 0x00007ff89a912000 	C:\WINDOWS\System32\clbcatq.dll
0x00007ff8790a0000 - 0x00007ff8790ba000 	C:\Windows\System32\Windows.Internal.Graphics.Display.DisplayColorManagement.dll
0x00007ff897040000 - 0x00007ff8970d9000 	C:\WINDOWS\system32\uxtheme.dll
0x00007ff89c290000 - 0x00007ff89c3c6000 	C:\WINDOWS\System32\MSCTF.dll
0x00007ff821bd0000 - 0x00007ff822bd4000 	C:\WINDOWS\System32\DriverStore\FileRepository\ki132701.inf_amd64_f25b376c781866ed\ig9icd64.dll
0x00007ff8977f0000 - 0x00007ff89781d000 	C:\WINDOWS\SYSTEM32\dwmapi.dll
0x00007ff898370000 - 0x00007ff89845b000 	C:\WINDOWS\system32\dxgi.dll
0x00007ff88bc60000 - 0x00007ff88bcfe000 	C:\WINDOWS\System32\TextInputFramework.dll
0x00007ff87fcb0000 - 0x00007ff87ffda000 	C:\WINDOWS\System32\CoreUIComponents.dll
0x00007ff896ca0000 - 0x00007ff896d74000 	C:\WINDOWS\System32\CoreMessaging.dll
0x00007ff8986d0000 - 0x00007ff898701000 	C:\WINDOWS\SYSTEM32\ntmarta.dll
0x00007ff894cb0000 - 0x00007ff894e03000 	C:\WINDOWS\SYSTEM32\wintypes.dll
0x00007ff88f820000 - 0x00007ff88fac6000 	C:\WINDOWS\System32\iertutil.dll
0x00007ff886eb0000 - 0x00007ff886ef3000 	C:\WINDOWS\SYSTEM32\icm32.dll
0x00007ff87c330000 - 0x00007ff87c450000 	C:\WINDOWS\System32\DriverStore\FileRepository\ki132701.inf_amd64_f25b376c781866ed\igdgmm64.dll
0x00007ff879c00000 - 0x00007ff87bf60000 	C:\WINDOWS\System32\DriverStore\FileRepository\ki132701.inf_amd64_f25b376c781866ed\igc64.dll
0x00007ff89c530000 - 0x00007ff89c686000 	C:\WINDOWS\System32\ole32.dll
0x00007ff85a040000 - 0x00007ff85a1d9000 	C:\Program Files\Java\jre-9.0.4\bin\awt.dll
0x00007ff895ad0000 - 0x00007ff896090000 	C:\WINDOWS\SYSTEM32\d2d1.dll
0x00007ff896eb0000 - 0x00007ff896f3f000 	C:\WINDOWS\SYSTEM32\apphelp.dll
0x00007ff897230000 - 0x00007ff897424000 	C:\WINDOWS\SYSTEM32\dbghelp.dll

VM Arguments:
jvm_args: -Dfile.encoding=GBK 
java_command: MainWindow
java_class_path (initial): C:\Users\ек\eclipse-workspace\Assignment3\bin;C:\Users\ек\eclipse-workspace\Assignment3\LWJGL\AppleJavaExtensions.jar;C:\Users\ек\eclipse-workspace\Assignment3\LWJGL\asm-debug-all.jar;C:\Users\ек\eclipse-workspace\Assignment3\LWJGL\jinput.jar;C:\Users\ек\eclipse-workspace\Assignment3\LWJGL\laf-plugin-7.2.1.jar;C:\Users\ек\eclipse-workspace\Assignment3\LWJGL\laf-widget-7.2.1.jar;C:\Users\ек\eclipse-workspace\Assignment3\LWJGL\log4j-api-2.0-beta9.jar;C:\Users\ек\eclipse-workspace\Assignment3\LWJGL\lwjgl_test.jar;C:\Users\ек\eclipse-workspace\Assignment3\LWJGL\lwjgl_util_applet.jar;C:\Users\ек\eclipse-workspace\Assignment3\LWJGL\lwjgl_util.jar;C:\Users\ек\eclipse-workspace\Assignment3\LWJGL\lwjgl-debug.jar;C:\Users\ек\eclipse-workspace\Assignment3\LWJGL\lwjgl.jar;C:\Users\ек\eclipse-workspace\Assignment3\LWJGL\lzma.jar;C:\Users\ек\eclipse-workspace\Assignment3\LWJGL\substance-7.2.1.jar;C:\Users\ек\eclipse-workspace\Assignment3\LWJGL\trident-7.2.1.jar;C:\Users\ек\eclipse-workspace\Assignment3\LWJGL\slick-util.jar
Launcher Type: SUN_STANDARD

Logging:
Log output configuration:
#0: stdout all=warning uptime,level,tags
#1: stderr all=off uptime,level,tags

Environment Variables:
JAVA_HOME=C:\Program Files\Java\jdk1.8.0_211\
PATH=C:/Program Files/Java/jre1.8.0_211/bin/server;C:/Program Files/Java/jre1.8.0_211/bin;C:/Program Files/Java/jre1.8.0_211/lib/amd64;C:\ProgramData\Oracle\Java\javapath;C:\Program Files (x86)\Intel\iCLS Client\;C:\Program Files\Intel\iCLS Client\;C:\WINDOWS\system32;C:\WINDOWS;C:\WINDOWS\System32\Wbem;C:\WINDOWS\System32\WindowsPowerShell\v1.0\;C:\Program Files (x86)\Intel\Intel(R) Management Engine Components\DAL;C:\Program Files\Intel\Intel(R) Management Engine Components\DAL;C:\Program Files (x86)\Intel\Intel(R) Management Engine Components\IPT;C:\Program Files\Intel\Intel(R) Management Engine Components\IPT;C:\Program Files\MATLAB\R2014a\runtime\win64;C:\Program Files\MATLAB\R2014a\bin;C:\Program Files\MATLAB\R2014a\polyspace\bin;C:\WINDOWS\System32\OpenSSH\;C:\Program Files\Java\jdk-9.0.4\bin;C:\Program Files\Microsoft\Web Platform Installer\;C:\Program Files\Microsoft Service Fabric\bin\Fabric\Fabric.Code;C:\Program Files\Microsoft SDKs\Service Fabric\Tools\ServiceFabricLocalClusterManager;C:\Program Files\Git\cmd;C:\Program Files\MySQL\MySQL Server 8.0\bin;C:\Users\ек\mysql-8.0.15-winx64\bin;C:\Users\ек\apache-tomcat-7.0.94;C:\Program Files (x86)\Apache Software Foundation\PHP5;C:\Program Files (x86)\Apache Software Foundation\PHP5\ext;% ANDROID_SDK_HOME%\platform-tools;% ANDROID_SDK_HOME%\tools;C:\Program Files\nodejs\;C:\Users\ек\AppData\Roaming\npm;C:\Android\AS-SDK\platforms;C:\Android\AS-SDK\tools;C:\Users\ек\flutter\flutter\bin;C:\Program Files\Java\jdk1.8.0_211\\bin;C:\Program Files\Java\jdk1.8.0_211\\jre\bin;C:\Users\ек\AppData\Local\Programs\Python\Python36;C:\Program Files\Intel\WiFi\bin\;C:\Program Files\Common Files\Intel\WirelessCommon\;C:\Go\bin;C:\Users\Public\Anacoda;C:\Users\Public\Anacoda\Library\mingw-w64\bin;C:\Users\Public\Anacoda\Library\usr\bin;C:\Users\Public\Anacoda\Library\bin;C:\Users\Public\Anacoda\Scripts;C:\Users\??\AppData\Local\Programs\Python\Python37\Scripts\;C:\Users\??\AppData\Local\Programs\Python\Python37\;C:\Users\??\AppD
USERNAME=ек
OS=Windows_NT
PROCESSOR_IDENTIFIER=Intel64 Family 6 Model 142 Stepping 9, GenuineIntel



---------------  S Y S T E M  ---------------

OS: Windows 10 , 64 bit Build 18362 (10.0.18362.329)

CPU:total 4 (initial active 4) (2 cores per cpu, 2 threads per core) family 6 model 142 stepping 9, cmov, cx8, fxsr, mmx, sse, sse2, sse3, ssse3, sse4.1, sse4.2, popcnt, avx, avx2, aes, clmul, erms, 3dnowpref, lzcnt, ht, tsc, tscinvbit, bmi1, bmi2, adx, fma

Memory: 4k page, physical 8239740k(3562008k free), swap 14160588k(4680432k free)

vm_info: Java HotSpot(TM) 64-Bit Server VM (9.0.4+11) for windows-amd64 JRE (9.0.4+11), built on Dec 20 2017 02:18:54 by "mach5one" with MS VC++ 12.0 (VS2013)

END.
